2022-09-03 04:16:05.648892+00:00 [notice] <0.222.0> Logging: configured log handlers are now ACTIVE
2022-09-03 04:16:06.227961+00:00 [info] <0.222.0> ra: starting system quorum_queues
2022-09-03 04:16:06.228116+00:00 [info] <0.222.0> starting Ra system: quorum_queues in directory: /var/lib/rabbitmq/mnesia/rabbit@6843bbda8198/quorum/rabbit@6843bbda8198
2022-09-03 04:16:06.403126+00:00 [info] <0.259.0> ra system 'quorum_queues' running pre init for 0 registered servers
2022-09-03 04:16:06.435267+00:00 [info] <0.260.0> ra: meta data store initialised for system quorum_queues. 0 record(s) recovered
2022-09-03 04:16:06.464314+00:00 [notice] <0.265.0> WAL: ra_log_wal init, open tbls: ra_log_open_mem_tables, closed tbls: ra_log_closed_mem_tables
2022-09-03 04:16:06.495103+00:00 [info] <0.222.0> ra: starting system coordination
2022-09-03 04:16:06.495180+00:00 [info] <0.222.0> starting Ra system: coordination in directory: /var/lib/rabbitmq/mnesia/rabbit@6843bbda8198/coordination/rabbit@6843bbda8198
2022-09-03 04:16:06.518364+00:00 [info] <0.272.0> ra system 'coordination' running pre init for 0 registered servers
2022-09-03 04:16:06.525685+00:00 [info] <0.273.0> ra: meta data store initialised for system coordination. 0 record(s) recovered
2022-09-03 04:16:06.526113+00:00 [notice] <0.278.0> WAL: ra_coordination_log_wal init, open tbls: ra_coordination_log_open_mem_tables, closed tbls: ra_coordination_log_closed_mem_tables
2022-09-03 04:16:06.544756+00:00 [info] <0.222.0> 
2022-09-03 04:16:06.544756+00:00 [info] <0.222.0>  Starting RabbitMQ 3.10.7 on Erlang 25.0.4 [jit]
2022-09-03 04:16:06.544756+00:00 [info] <0.222.0>  Copyright (c) 2007-2022 VMware, Inc. or its affiliates.
2022-09-03 04:16:06.544756+00:00 [info] <0.222.0>  Licensed under the MPL 2.0. Website: https://rabbitmq.com
2022-09-03 04:16:06.547856+00:00 [info] <0.222.0> 
2022-09-03 04:16:06.547856+00:00 [info] <0.222.0>  node           : rabbit@6843bbda8198
2022-09-03 04:16:06.547856+00:00 [info] <0.222.0>  home dir       : /var/lib/rabbitmq
2022-09-03 04:16:06.547856+00:00 [info] <0.222.0>  config file(s) : (none)
2022-09-03 04:16:06.547856+00:00 [info] <0.222.0>  cookie hash    : I632BxIeVcljukT8rLir8Q==
2022-09-03 04:16:06.547856+00:00 [info] <0.222.0>  log(s)         : /var/log/rabbitmq/rabbit@6843bbda8198.log
2022-09-03 04:16:06.547856+00:00 [info] <0.222.0>                 : /var/log/rabbitmq/rabbit@6843bbda8198_upgrade.log
2022-09-03 04:16:06.547856+00:00 [info] <0.222.0>                 : <stdout>
2022-09-03 04:16:06.547856+00:00 [info] <0.222.0>  database dir   : /var/lib/rabbitmq/mnesia/rabbit@6843bbda8198
2022-09-03 04:16:12.434199+00:00 [info] <0.222.0> Running boot step pre_boot defined by app rabbit
2022-09-03 04:16:12.434642+00:00 [info] <0.222.0> Running boot step rabbit_global_counters defined by app rabbit
2022-09-03 04:16:12.435987+00:00 [info] <0.222.0> Running boot step rabbit_osiris_metrics defined by app rabbit
2022-09-03 04:16:12.436371+00:00 [info] <0.222.0> Running boot step rabbit_core_metrics defined by app rabbit
2022-09-03 04:16:12.438129+00:00 [info] <0.222.0> Running boot step rabbit_alarm defined by app rabbit
2022-09-03 04:16:12.446889+00:00 [info] <0.288.0> Memory high watermark set to 1538 MiB (1613337395 bytes) of 3846 MiB (4033343488 bytes) total
2022-09-03 04:16:12.457670+00:00 [info] <0.290.0> Enabling free disk space monitoring
2022-09-03 04:16:12.457748+00:00 [info] <0.290.0> Disk free limit set to 50MB
2022-09-03 04:16:12.464789+00:00 [info] <0.222.0> Running boot step code_server_cache defined by app rabbit
2022-09-03 04:16:12.465216+00:00 [info] <0.222.0> Running boot step file_handle_cache defined by app rabbit
2022-09-03 04:16:12.465819+00:00 [info] <0.295.0> Limiting to approx 1048479 file handles (943629 sockets)
2022-09-03 04:16:12.466083+00:00 [info] <0.296.0> FHC read buffering: OFF
2022-09-03 04:16:12.466144+00:00 [info] <0.296.0> FHC write buffering: ON
2022-09-03 04:16:12.466909+00:00 [info] <0.222.0> Running boot step worker_pool defined by app rabbit
2022-09-03 04:16:12.467069+00:00 [info] <0.280.0> Will use 8 processes for default worker pool
2022-09-03 04:16:12.467141+00:00 [info] <0.280.0> Starting worker pool 'worker_pool' with 8 processes in it
2022-09-03 04:16:12.468182+00:00 [info] <0.222.0> Running boot step database defined by app rabbit
2022-09-03 04:16:12.471709+00:00 [info] <0.222.0> Node database directory at /var/lib/rabbitmq/mnesia/rabbit@6843bbda8198 is empty. Assuming we need to join an existing cluster or initialise from scratch...
2022-09-03 04:16:12.471841+00:00 [info] <0.222.0> Configured peer discovery backend: rabbit_peer_discovery_classic_config
2022-09-03 04:16:12.471886+00:00 [info] <0.222.0> Will try to lock with peer discovery backend rabbit_peer_discovery_classic_config
2022-09-03 04:16:12.472066+00:00 [info] <0.222.0> All discovered existing cluster peers:
2022-09-03 04:16:12.472105+00:00 [info] <0.222.0> Discovered no peer nodes to cluster with. Some discovery backends can filter nodes out based on a readiness criteria. Enabling debug logging might help troubleshoot.
2022-09-03 04:16:12.482964+00:00 [notice] <0.44.0> Application mnesia exited with reason: stopped
2022-09-03 04:16:13.132955+00:00 [info] <0.222.0> Waiting for Mnesia tables for 30000 ms, 9 retries left
2022-09-03 04:16:13.133276+00:00 [info] <0.222.0> Successfully synced tables from a peer
2022-09-03 04:16:13.156289+00:00 [info] <0.222.0> Waiting for Mnesia tables for 30000 ms, 9 retries left
2022-09-03 04:16:13.156565+00:00 [info] <0.222.0> Successfully synced tables from a peer
2022-09-03 04:16:13.156729+00:00 [info] <0.222.0> Feature flag `classic_mirrored_queue_version`: supported, attempt to enable...
2022-09-03 04:16:13.156858+00:00 [info] <0.222.0> Feature flag `classic_mirrored_queue_version`: mark as enabled=state_changing
2022-09-03 04:16:13.158796+00:00 [info] <0.222.0> Feature flags: list of feature flags found:
2022-09-03 04:16:13.159036+00:00 [info] <0.222.0> Feature flags:   [~] classic_mirrored_queue_version
2022-09-03 04:16:13.159105+00:00 [info] <0.222.0> Feature flags:   [ ] implicit_default_bindings
2022-09-03 04:16:13.159133+00:00 [info] <0.222.0> Feature flags:   [ ] maintenance_mode_status
2022-09-03 04:16:13.159174+00:00 [info] <0.222.0> Feature flags:   [ ] quorum_queue
2022-09-03 04:16:13.159267+00:00 [info] <0.222.0> Feature flags:   [ ] stream_queue
2022-09-03 04:16:13.159305+00:00 [info] <0.222.0> Feature flags:   [ ] user_limits
2022-09-03 04:16:13.159333+00:00 [info] <0.222.0> Feature flags:   [ ] virtual_host_metadata
2022-09-03 04:16:13.159394+00:00 [info] <0.222.0> Feature flags: feature flag states written to disk: yes
2022-09-03 04:16:13.177879+00:00 [info] <0.222.0> Feature flag `classic_mirrored_queue_version`: mark as enabled=true
2022-09-03 04:16:13.184171+00:00 [info] <0.222.0> Feature flags: list of feature flags found:
2022-09-03 04:16:13.184281+00:00 [info] <0.222.0> Feature flags:   [x] classic_mirrored_queue_version
2022-09-03 04:16:13.184403+00:00 [info] <0.222.0> Feature flags:   [ ] implicit_default_bindings
2022-09-03 04:16:13.184448+00:00 [info] <0.222.0> Feature flags:   [ ] maintenance_mode_status
2022-09-03 04:16:13.184487+00:00 [info] <0.222.0> Feature flags:   [ ] quorum_queue
2022-09-03 04:16:13.184552+00:00 [info] <0.222.0> Feature flags:   [ ] stream_queue
2022-09-03 04:16:13.184700+00:00 [info] <0.222.0> Feature flags:   [ ] user_limits
2022-09-03 04:16:13.184791+00:00 [info] <0.222.0> Feature flags:   [ ] virtual_host_metadata
2022-09-03 04:16:13.184866+00:00 [info] <0.222.0> Feature flags: feature flag states written to disk: yes
2022-09-03 04:16:13.197542+00:00 [info] <0.222.0> Feature flag `implicit_default_bindings`: supported, attempt to enable...
2022-09-03 04:16:13.197707+00:00 [info] <0.222.0> Feature flag `implicit_default_bindings`: mark as enabled=state_changing
2022-09-03 04:16:13.199141+00:00 [info] <0.222.0> Feature flags: list of feature flags found:
2022-09-03 04:16:13.199543+00:00 [info] <0.222.0> Feature flags:   [x] classic_mirrored_queue_version
2022-09-03 04:16:13.199632+00:00 [info] <0.222.0> Feature flags:   [~] implicit_default_bindings
2022-09-03 04:16:13.199668+00:00 [info] <0.222.0> Feature flags:   [ ] maintenance_mode_status
2022-09-03 04:16:13.199692+00:00 [info] <0.222.0> Feature flags:   [ ] quorum_queue
2022-09-03 04:16:13.199746+00:00 [info] <0.222.0> Feature flags:   [ ] stream_queue
2022-09-03 04:16:13.199769+00:00 [info] <0.222.0> Feature flags:   [ ] user_limits
2022-09-03 04:16:13.199792+00:00 [info] <0.222.0> Feature flags:   [ ] virtual_host_metadata
2022-09-03 04:16:13.199888+00:00 [info] <0.222.0> Feature flags: feature flag states written to disk: yes
2022-09-03 04:16:13.217837+00:00 [info] <0.222.0> Waiting for Mnesia tables for 30000 ms, 0 retries left
2022-09-03 04:16:13.218178+00:00 [info] <0.222.0> Successfully synced tables from a peer
2022-09-03 04:16:13.218301+00:00 [info] <0.222.0> Feature flag `implicit_default_bindings`: mark as enabled=true
2022-09-03 04:16:13.235808+00:00 [info] <0.222.0> Feature flags: list of feature flags found:
2022-09-03 04:16:13.235891+00:00 [info] <0.222.0> Feature flags:   [x] classic_mirrored_queue_version
2022-09-03 04:16:13.235924+00:00 [info] <0.222.0> Feature flags:   [x] implicit_default_bindings
2022-09-03 04:16:13.235994+00:00 [info] <0.222.0> Feature flags:   [ ] maintenance_mode_status
2022-09-03 04:16:13.236020+00:00 [info] <0.222.0> Feature flags:   [ ] quorum_queue
2022-09-03 04:16:13.236073+00:00 [info] <0.222.0> Feature flags:   [ ] stream_queue
2022-09-03 04:16:13.236254+00:00 [info] <0.222.0> Feature flags:   [ ] user_limits
2022-09-03 04:16:13.236313+00:00 [info] <0.222.0> Feature flags:   [ ] virtual_host_metadata
2022-09-03 04:16:13.236358+00:00 [info] <0.222.0> Feature flags: feature flag states written to disk: yes
2022-09-03 04:16:13.249459+00:00 [info] <0.222.0> Feature flag `maintenance_mode_status`: supported, attempt to enable...
2022-09-03 04:16:13.249631+00:00 [info] <0.222.0> Feature flag `maintenance_mode_status`: mark as enabled=state_changing
2022-09-03 04:16:13.250810+00:00 [info] <0.222.0> Feature flags: list of feature flags found:
2022-09-03 04:16:13.250918+00:00 [info] <0.222.0> Feature flags:   [x] classic_mirrored_queue_version
2022-09-03 04:16:13.250955+00:00 [info] <0.222.0> Feature flags:   [x] implicit_default_bindings
2022-09-03 04:16:13.250979+00:00 [info] <0.222.0> Feature flags:   [~] maintenance_mode_status
2022-09-03 04:16:13.251003+00:00 [info] <0.222.0> Feature flags:   [ ] quorum_queue
2022-09-03 04:16:13.251094+00:00 [info] <0.222.0> Feature flags:   [ ] stream_queue
2022-09-03 04:16:13.251126+00:00 [info] <0.222.0> Feature flags:   [ ] user_limits
2022-09-03 04:16:13.251197+00:00 [info] <0.222.0> Feature flags:   [ ] virtual_host_metadata
2022-09-03 04:16:13.251268+00:00 [info] <0.222.0> Feature flags: feature flag states written to disk: yes
2022-09-03 04:16:13.264695+00:00 [info] <0.222.0> Creating table rabbit_node_maintenance_states for feature flag `maintenance_mode_status`
2022-09-03 04:16:13.286782+00:00 [info] <0.222.0> Feature flag `maintenance_mode_status`: mark as enabled=true
2022-09-03 04:16:13.304214+00:00 [info] <0.222.0> Feature flags: list of feature flags found:
2022-09-03 04:16:13.304293+00:00 [info] <0.222.0> Feature flags:   [x] classic_mirrored_queue_version
2022-09-03 04:16:13.304326+00:00 [info] <0.222.0> Feature flags:   [x] implicit_default_bindings
2022-09-03 04:16:13.304432+00:00 [info] <0.222.0> Feature flags:   [x] maintenance_mode_status
2022-09-03 04:16:13.304461+00:00 [info] <0.222.0> Feature flags:   [ ] quorum_queue
2022-09-03 04:16:13.304517+00:00 [info] <0.222.0> Feature flags:   [ ] stream_queue
2022-09-03 04:16:13.304656+00:00 [info] <0.222.0> Feature flags:   [ ] user_limits
2022-09-03 04:16:13.304686+00:00 [info] <0.222.0> Feature flags:   [ ] virtual_host_metadata
2022-09-03 04:16:13.304709+00:00 [info] <0.222.0> Feature flags: feature flag states written to disk: yes
2022-09-03 04:16:13.320349+00:00 [info] <0.222.0> Feature flag `quorum_queue`: supported, attempt to enable...
2022-09-03 04:16:13.320543+00:00 [info] <0.222.0> Feature flag `quorum_queue`: mark as enabled=state_changing
2022-09-03 04:16:13.321793+00:00 [info] <0.222.0> Feature flags: list of feature flags found:
2022-09-03 04:16:13.321921+00:00 [info] <0.222.0> Feature flags:   [x] classic_mirrored_queue_version
2022-09-03 04:16:13.321968+00:00 [info] <0.222.0> Feature flags:   [x] implicit_default_bindings
2022-09-03 04:16:13.321996+00:00 [info] <0.222.0> Feature flags:   [x] maintenance_mode_status
2022-09-03 04:16:13.322020+00:00 [info] <0.222.0> Feature flags:   [~] quorum_queue
2022-09-03 04:16:13.322238+00:00 [info] <0.222.0> Feature flags:   [ ] stream_queue
2022-09-03 04:16:13.322266+00:00 [info] <0.222.0> Feature flags:   [ ] user_limits
2022-09-03 04:16:13.322287+00:00 [info] <0.222.0> Feature flags:   [ ] virtual_host_metadata
2022-09-03 04:16:13.322514+00:00 [info] <0.222.0> Feature flags: feature flag states written to disk: yes
2022-09-03 04:16:13.337172+00:00 [info] <0.222.0> Waiting for Mnesia tables for 30000 ms, 9 retries left
2022-09-03 04:16:13.337427+00:00 [info] <0.222.0> Successfully synced tables from a peer
2022-09-03 04:16:13.337528+00:00 [info] <0.222.0> Feature flag `quorum_queue`:   migrating Mnesia table rabbit_queue...
2022-09-03 04:16:13.470024+00:00 [info] <0.222.0> Feature flag `quorum_queue`:   migrating Mnesia table rabbit_durable_queue...
2022-09-03 04:16:13.591455+00:00 [info] <0.222.0> Feature flag `quorum_queue`:   Mnesia tables migration done
2022-09-03 04:16:13.591699+00:00 [info] <0.222.0> Feature flag `quorum_queue`: mark as enabled=true
2022-09-03 04:16:13.605271+00:00 [info] <0.222.0> Feature flags: list of feature flags found:
2022-09-03 04:16:13.605404+00:00 [info] <0.222.0> Feature flags:   [x] classic_mirrored_queue_version
2022-09-03 04:16:13.605444+00:00 [info] <0.222.0> Feature flags:   [x] implicit_default_bindings
2022-09-03 04:16:13.605473+00:00 [info] <0.222.0> Feature flags:   [x] maintenance_mode_status
2022-09-03 04:16:13.605497+00:00 [info] <0.222.0> Feature flags:   [x] quorum_queue
2022-09-03 04:16:13.605520+00:00 [info] <0.222.0> Feature flags:   [ ] stream_queue
2022-09-03 04:16:13.605580+00:00 [info] <0.222.0> Feature flags:   [ ] user_limits
2022-09-03 04:16:13.605660+00:00 [info] <0.222.0> Feature flags:   [ ] virtual_host_metadata
2022-09-03 04:16:13.605695+00:00 [info] <0.222.0> Feature flags: feature flag states written to disk: yes
2022-09-03 04:16:13.618845+00:00 [info] <0.222.0> Feature flag `stream_queue`: supported, attempt to enable...
2022-09-03 04:16:13.618996+00:00 [info] <0.222.0> Feature flag `stream_queue`: mark as enabled=state_changing
2022-09-03 04:16:13.620249+00:00 [info] <0.222.0> Feature flags: list of feature flags found:
2022-09-03 04:16:13.620328+00:00 [info] <0.222.0> Feature flags:   [x] classic_mirrored_queue_version
2022-09-03 04:16:13.620460+00:00 [info] <0.222.0> Feature flags:   [x] implicit_default_bindings
2022-09-03 04:16:13.620489+00:00 [info] <0.222.0> Feature flags:   [x] maintenance_mode_status
2022-09-03 04:16:13.620513+00:00 [info] <0.222.0> Feature flags:   [x] quorum_queue
2022-09-03 04:16:13.620732+00:00 [info] <0.222.0> Feature flags:   [~] stream_queue
2022-09-03 04:16:13.620763+00:00 [info] <0.222.0> Feature flags:   [ ] user_limits
2022-09-03 04:16:13.620786+00:00 [info] <0.222.0> Feature flags:   [ ] virtual_host_metadata
2022-09-03 04:16:13.620810+00:00 [info] <0.222.0> Feature flags: feature flag states written to disk: yes
2022-09-03 04:16:13.635834+00:00 [info] <0.222.0> Feature flag `stream_queue`: mark as enabled=true
2022-09-03 04:16:13.646481+00:00 [info] <0.222.0> Feature flags: list of feature flags found:
2022-09-03 04:16:13.646567+00:00 [info] <0.222.0> Feature flags:   [x] classic_mirrored_queue_version
2022-09-03 04:16:13.646638+00:00 [info] <0.222.0> Feature flags:   [x] implicit_default_bindings
2022-09-03 04:16:13.646710+00:00 [info] <0.222.0> Feature flags:   [x] maintenance_mode_status
2022-09-03 04:16:13.646735+00:00 [info] <0.222.0> Feature flags:   [x] quorum_queue
2022-09-03 04:16:13.646792+00:00 [info] <0.222.0> Feature flags:   [x] stream_queue
2022-09-03 04:16:13.646947+00:00 [info] <0.222.0> Feature flags:   [ ] user_limits
2022-09-03 04:16:13.646975+00:00 [info] <0.222.0> Feature flags:   [ ] virtual_host_metadata
2022-09-03 04:16:13.646998+00:00 [info] <0.222.0> Feature flags: feature flag states written to disk: yes
2022-09-03 04:16:13.661756+00:00 [info] <0.222.0> Feature flag `user_limits`: supported, attempt to enable...
2022-09-03 04:16:13.661929+00:00 [info] <0.222.0> Feature flag `user_limits`: mark as enabled=state_changing
2022-09-03 04:16:13.663186+00:00 [info] <0.222.0> Feature flags: list of feature flags found:
2022-09-03 04:16:13.663307+00:00 [info] <0.222.0> Feature flags:   [x] classic_mirrored_queue_version
2022-09-03 04:16:13.663346+00:00 [info] <0.222.0> Feature flags:   [x] implicit_default_bindings
2022-09-03 04:16:13.663373+00:00 [info] <0.222.0> Feature flags:   [x] maintenance_mode_status
2022-09-03 04:16:13.663397+00:00 [info] <0.222.0> Feature flags:   [x] quorum_queue
2022-09-03 04:16:13.663566+00:00 [info] <0.222.0> Feature flags:   [x] stream_queue
2022-09-03 04:16:13.663593+00:00 [info] <0.222.0> Feature flags:   [~] user_limits
2022-09-03 04:16:13.663667+00:00 [info] <0.222.0> Feature flags:   [ ] virtual_host_metadata
2022-09-03 04:16:13.663837+00:00 [info] <0.222.0> Feature flags: feature flag states written to disk: yes
2022-09-03 04:16:13.680555+00:00 [info] <0.222.0> Waiting for Mnesia tables for 30000 ms, 9 retries left
2022-09-03 04:16:13.680763+00:00 [info] <0.222.0> Successfully synced tables from a peer
2022-09-03 04:16:13.794518+00:00 [info] <0.222.0> Feature flag `user_limits`: mark as enabled=true
2022-09-03 04:16:13.806151+00:00 [info] <0.222.0> Feature flags: list of feature flags found:
2022-09-03 04:16:13.806278+00:00 [info] <0.222.0> Feature flags:   [x] classic_mirrored_queue_version
2022-09-03 04:16:13.806328+00:00 [info] <0.222.0> Feature flags:   [x] implicit_default_bindings
2022-09-03 04:16:13.806356+00:00 [info] <0.222.0> Feature flags:   [x] maintenance_mode_status
2022-09-03 04:16:13.806411+00:00 [info] <0.222.0> Feature flags:   [x] quorum_queue
2022-09-03 04:16:13.806541+00:00 [info] <0.222.0> Feature flags:   [x] stream_queue
2022-09-03 04:16:13.806615+00:00 [info] <0.222.0> Feature flags:   [x] user_limits
2022-09-03 04:16:13.806691+00:00 [info] <0.222.0> Feature flags:   [ ] virtual_host_metadata
2022-09-03 04:16:13.806724+00:00 [info] <0.222.0> Feature flags: feature flag states written to disk: yes
2022-09-03 04:16:13.819627+00:00 [info] <0.222.0> Feature flag `virtual_host_metadata`: supported, attempt to enable...
2022-09-03 04:16:13.819809+00:00 [info] <0.222.0> Feature flag `virtual_host_metadata`: mark as enabled=state_changing
2022-09-03 04:16:13.821263+00:00 [info] <0.222.0> Feature flags: list of feature flags found:
2022-09-03 04:16:13.821428+00:00 [info] <0.222.0> Feature flags:   [x] classic_mirrored_queue_version
2022-09-03 04:16:13.821505+00:00 [info] <0.222.0> Feature flags:   [x] implicit_default_bindings
2022-09-03 04:16:13.821570+00:00 [info] <0.222.0> Feature flags:   [x] maintenance_mode_status
2022-09-03 04:16:13.821613+00:00 [info] <0.222.0> Feature flags:   [x] quorum_queue
2022-09-03 04:16:13.821765+00:00 [info] <0.222.0> Feature flags:   [x] stream_queue
2022-09-03 04:16:13.821839+00:00 [info] <0.222.0> Feature flags:   [x] user_limits
2022-09-03 04:16:13.821905+00:00 [info] <0.222.0> Feature flags:   [~] virtual_host_metadata
2022-09-03 04:16:13.821933+00:00 [info] <0.222.0> Feature flags: feature flag states written to disk: yes
2022-09-03 04:16:13.838616+00:00 [info] <0.222.0> Waiting for Mnesia tables for 30000 ms, 9 retries left
2022-09-03 04:16:13.838791+00:00 [info] <0.222.0> Successfully synced tables from a peer
2022-09-03 04:16:13.957034+00:00 [info] <0.222.0> Feature flag `virtual_host_metadata`: mark as enabled=true
2022-09-03 04:16:13.970809+00:00 [info] <0.222.0> Feature flags: list of feature flags found:
2022-09-03 04:16:13.970938+00:00 [info] <0.222.0> Feature flags:   [x] classic_mirrored_queue_version
2022-09-03 04:16:13.970991+00:00 [info] <0.222.0> Feature flags:   [x] implicit_default_bindings
2022-09-03 04:16:13.971166+00:00 [info] <0.222.0> Feature flags:   [x] maintenance_mode_status
2022-09-03 04:16:13.971212+00:00 [info] <0.222.0> Feature flags:   [x] quorum_queue
2022-09-03 04:16:13.971301+00:00 [info] <0.222.0> Feature flags:   [x] stream_queue
2022-09-03 04:16:13.971494+00:00 [info] <0.222.0> Feature flags:   [x] user_limits
2022-09-03 04:16:13.971597+00:00 [info] <0.222.0> Feature flags:   [x] virtual_host_metadata
2022-09-03 04:16:13.971634+00:00 [info] <0.222.0> Feature flags: feature flag states written to disk: yes
2022-09-03 04:16:13.988367+00:00 [info] <0.222.0> Waiting for Mnesia tables for 30000 ms, 9 retries left
2022-09-03 04:16:13.988513+00:00 [info] <0.222.0> Successfully synced tables from a peer
2022-09-03 04:16:14.034106+00:00 [info] <0.222.0> Waiting for Mnesia tables for 30000 ms, 9 retries left
2022-09-03 04:16:14.034382+00:00 [info] <0.222.0> Successfully synced tables from a peer
2022-09-03 04:16:14.034465+00:00 [info] <0.222.0> Peer discovery backend rabbit_peer_discovery_classic_config does not support registration, skipping registration.
2022-09-03 04:16:14.034522+00:00 [info] <0.222.0> Will try to unlock with peer discovery backend rabbit_peer_discovery_classic_config
2022-09-03 04:16:14.034758+00:00 [info] <0.222.0> Running boot step database_sync defined by app rabbit
2022-09-03 04:16:14.035186+00:00 [info] <0.222.0> Running boot step feature_flags defined by app rabbit
2022-09-03 04:16:14.039314+00:00 [info] <0.222.0> Running boot step codec_correctness_check defined by app rabbit
2022-09-03 04:16:14.039427+00:00 [info] <0.222.0> Running boot step external_infrastructure defined by app rabbit
2022-09-03 04:16:14.039464+00:00 [info] <0.222.0> Running boot step rabbit_event defined by app rabbit
2022-09-03 04:16:14.039593+00:00 [info] <0.222.0> Running boot step rabbit_registry defined by app rabbit
2022-09-03 04:16:14.039755+00:00 [info] <0.222.0> Running boot step rabbit_auth_mechanism_amqplain defined by app rabbit
2022-09-03 04:16:14.039895+00:00 [info] <0.222.0> Running boot step rabbit_auth_mechanism_cr_demo defined by app rabbit
2022-09-03 04:16:14.039963+00:00 [info] <0.222.0> Running boot step rabbit_auth_mechanism_plain defined by app rabbit
2022-09-03 04:16:14.040008+00:00 [info] <0.222.0> Running boot step rabbit_exchange_type_direct defined by app rabbit
2022-09-03 04:16:14.040088+00:00 [info] <0.222.0> Running boot step rabbit_exchange_type_fanout defined by app rabbit
2022-09-03 04:16:14.040244+00:00 [info] <0.222.0> Running boot step rabbit_exchange_type_headers defined by app rabbit
2022-09-03 04:16:14.040449+00:00 [info] <0.222.0> Running boot step rabbit_exchange_type_topic defined by app rabbit
2022-09-03 04:16:14.040612+00:00 [info] <0.222.0> Running boot step rabbit_mirror_queue_mode_all defined by app rabbit
2022-09-03 04:16:14.040710+00:00 [info] <0.222.0> Running boot step rabbit_mirror_queue_mode_exactly defined by app rabbit
2022-09-03 04:16:14.040773+00:00 [info] <0.222.0> Running boot step rabbit_mirror_queue_mode_nodes defined by app rabbit
2022-09-03 04:16:14.040864+00:00 [info] <0.222.0> Running boot step rabbit_priority_queue defined by app rabbit
2022-09-03 04:16:14.040917+00:00 [info] <0.222.0> Priority queues enabled, real BQ is rabbit_variable_queue
2022-09-03 04:16:14.041010+00:00 [info] <0.222.0> Running boot step rabbit_queue_location_client_local defined by app rabbit
2022-09-03 04:16:14.041072+00:00 [info] <0.222.0> Running boot step rabbit_queue_location_min_masters defined by app rabbit
2022-09-03 04:16:14.041241+00:00 [info] <0.222.0> Running boot step rabbit_queue_location_random defined by app rabbit
2022-09-03 04:16:14.041445+00:00 [info] <0.222.0> Running boot step kernel_ready defined by app rabbit
2022-09-03 04:16:14.041847+00:00 [info] <0.222.0> Running boot step rabbit_sysmon_minder defined by app rabbit
2022-09-03 04:16:14.042301+00:00 [info] <0.222.0> Running boot step rabbit_epmd_monitor defined by app rabbit
2022-09-03 04:16:14.044038+00:00 [info] <0.558.0> epmd monitor knows us, inter-node communication (distribution) port: 25672
2022-09-03 04:16:14.044359+00:00 [info] <0.222.0> Running boot step guid_generator defined by app rabbit
2022-09-03 04:16:14.056328+00:00 [info] <0.222.0> Running boot step rabbit_node_monitor defined by app rabbit
2022-09-03 04:16:14.056832+00:00 [info] <0.562.0> Starting rabbit_node_monitor
2022-09-03 04:16:14.057134+00:00 [info] <0.222.0> Running boot step delegate_sup defined by app rabbit
2022-09-03 04:16:14.058474+00:00 [info] <0.222.0> Running boot step rabbit_memory_monitor defined by app rabbit
2022-09-03 04:16:14.059126+00:00 [info] <0.222.0> Running boot step rabbit_fifo_dlx_sup defined by app rabbit
2022-09-03 04:16:14.059569+00:00 [info] <0.222.0> Running boot step core_initialized defined by app rabbit
2022-09-03 04:16:14.059650+00:00 [info] <0.222.0> Running boot step upgrade_queues defined by app rabbit
2022-09-03 04:16:14.080990+00:00 [info] <0.222.0> message_store upgrades: 1 to apply
2022-09-03 04:16:14.081181+00:00 [info] <0.222.0> message_store upgrades: Applying rabbit_variable_queue:move_messages_to_vhost_store
2022-09-03 04:16:14.081586+00:00 [info] <0.222.0> message_store upgrades: No durable queues found. Skipping message store migration
2022-09-03 04:16:14.081661+00:00 [info] <0.222.0> message_store upgrades: Removing the old message store data
2022-09-03 04:16:14.087277+00:00 [info] <0.222.0> message_store upgrades: All upgrades applied successfully
2022-09-03 04:16:14.119496+00:00 [info] <0.222.0> Running boot step channel_tracking defined by app rabbit
2022-09-03 04:16:14.138722+00:00 [info] <0.222.0> Setting up a table for channel tracking on this node: tracked_channel_on_node_rabbit@6843bbda8198
2022-09-03 04:16:14.157243+00:00 [info] <0.222.0> Setting up a table for channel tracking on this node: tracked_channel_table_per_user_on_node_rabbit@6843bbda8198
2022-09-03 04:16:14.157676+00:00 [info] <0.222.0> Running boot step rabbit_channel_tracking_handler defined by app rabbit
2022-09-03 04:16:14.157817+00:00 [info] <0.222.0> Running boot step connection_tracking defined by app rabbit
2022-09-03 04:16:14.175673+00:00 [info] <0.222.0> Setting up a table for connection tracking on this node: tracked_connection_on_node_rabbit@6843bbda8198
2022-09-03 04:16:14.192520+00:00 [info] <0.222.0> Setting up a table for per-vhost connection counting on this node: tracked_connection_per_vhost_on_node_rabbit@6843bbda8198
2022-09-03 04:16:14.210354+00:00 [info] <0.222.0> Setting up a table for per-user connection counting on this node: tracked_connection_table_per_user_on_node_rabbit@6843bbda8198
2022-09-03 04:16:14.210946+00:00 [info] <0.222.0> Running boot step rabbit_connection_tracking_handler defined by app rabbit
2022-09-03 04:16:14.211041+00:00 [info] <0.222.0> Running boot step rabbit_definitions_hashing defined by app rabbit
2022-09-03 04:16:14.211173+00:00 [info] <0.222.0> Running boot step rabbit_exchange_parameters defined by app rabbit
2022-09-03 04:16:14.211370+00:00 [info] <0.222.0> Running boot step rabbit_mirror_queue_misc defined by app rabbit
2022-09-03 04:16:14.211704+00:00 [info] <0.222.0> Running boot step rabbit_policies defined by app rabbit
2022-09-03 04:16:14.212575+00:00 [info] <0.222.0> Running boot step rabbit_policy defined by app rabbit
2022-09-03 04:16:14.212762+00:00 [info] <0.222.0> Running boot step rabbit_queue_location_validator defined by app rabbit
2022-09-03 04:16:14.212886+00:00 [info] <0.222.0> Running boot step rabbit_quorum_memory_manager defined by app rabbit
2022-09-03 04:16:14.212979+00:00 [info] <0.222.0> Running boot step rabbit_stream_coordinator defined by app rabbit
2022-09-03 04:16:14.213643+00:00 [info] <0.222.0> Running boot step rabbit_vhost_limit defined by app rabbit
2022-09-03 04:16:14.213798+00:00 [info] <0.222.0> Running boot step recovery defined by app rabbit
2022-09-03 04:16:14.216192+00:00 [info] <0.222.0> Running boot step empty_db_check defined by app rabbit
2022-09-03 04:16:14.216291+00:00 [info] <0.222.0> Will seed default virtual host and user...
2022-09-03 04:16:14.216474+00:00 [info] <0.222.0> Adding vhost '/' (description: 'Default virtual host', tags: [])
2022-09-03 04:16:14.238088+00:00 [info] <0.619.0> Making sure data directory '/var/lib/rabbitmq/mnesia/rabbit@6843bbda8198/msg_stores/vhosts/628WB79CIFDYO9LJI6DKMI09L' for vhost '/' exists
2022-09-03 04:16:14.261652+00:00 [info] <0.619.0> Setting segment_entry_count for vhost '/' with 0 queues to '2048'
2022-09-03 04:16:14.285896+00:00 [info] <0.619.0> Starting message stores for vhost '/'
2022-09-03 04:16:14.286494+00:00 [info] <0.624.0> Message store "628WB79CIFDYO9LJI6DKMI09L/msg_store_transient": using rabbit_msg_store_ets_index to provide index
2022-09-03 04:16:14.332420+00:00 [info] <0.619.0> Started message store of type transient for vhost '/'
2022-09-03 04:16:14.332839+00:00 [info] <0.628.0> Message store "628WB79CIFDYO9LJI6DKMI09L/msg_store_persistent": using rabbit_msg_store_ets_index to provide index
2022-09-03 04:16:14.342708+00:00 [warning] <0.628.0> Message store "628WB79CIFDYO9LJI6DKMI09L/msg_store_persistent": rebuilding indices from scratch
2022-09-03 04:16:14.353294+00:00 [info] <0.619.0> Started message store of type persistent for vhost '/'
2022-09-03 04:16:14.353627+00:00 [info] <0.619.0> Recovering 0 queues of type rabbit_classic_queue took 85ms
2022-09-03 04:16:14.353763+00:00 [info] <0.619.0> Recovering 0 queues of type rabbit_quorum_queue took 0ms
2022-09-03 04:16:14.353813+00:00 [info] <0.619.0> Recovering 0 queues of type rabbit_stream_queue took 0ms
2022-09-03 04:16:14.359959+00:00 [info] <0.222.0> Created user 'admin'
2022-09-03 04:16:14.362729+00:00 [info] <0.222.0> Successfully set user tags for user 'admin' to [administrator]
2022-09-03 04:16:14.365825+00:00 [info] <0.222.0> Successfully set permissions for 'admin' in virtual host '/' to '.*', '.*', '.*'
2022-09-03 04:16:14.365956+00:00 [info] <0.222.0> Running boot step rabbit_looking_glass defined by app rabbit
2022-09-03 04:16:14.366072+00:00 [info] <0.222.0> Running boot step rabbit_core_metrics_gc defined by app rabbit
2022-09-03 04:16:14.366415+00:00 [info] <0.222.0> Running boot step background_gc defined by app rabbit
2022-09-03 04:16:14.366793+00:00 [info] <0.222.0> Running boot step routing_ready defined by app rabbit
2022-09-03 04:16:14.366885+00:00 [info] <0.222.0> Running boot step pre_flight defined by app rabbit
2022-09-03 04:16:14.366950+00:00 [info] <0.222.0> Running boot step notify_cluster defined by app rabbit
2022-09-03 04:16:14.367018+00:00 [info] <0.222.0> Running boot step networking defined by app rabbit
2022-09-03 04:16:14.367056+00:00 [info] <0.222.0> Running boot step definition_import_worker_pool defined by app rabbit
2022-09-03 04:16:14.367133+00:00 [info] <0.280.0> Starting worker pool 'definition_import_pool' with 8 processes in it
2022-09-03 04:16:14.368477+00:00 [info] <0.222.0> Running boot step cluster_name defined by app rabbit
2022-09-03 04:16:14.368675+00:00 [info] <0.222.0> Initialising internal cluster ID to 'rabbitmq-cluster-id-rjUSdalcYAMtZRFovp_sng'
2022-09-03 04:16:14.372162+00:00 [info] <0.222.0> Running boot step direct_client defined by app rabbit
2022-09-03 04:16:14.372585+00:00 [info] <0.222.0> Running boot step rabbit_maintenance_mode_state defined by app rabbit
2022-09-03 04:16:14.372711+00:00 [info] <0.222.0> Creating table rabbit_node_maintenance_states for feature flag `maintenance_mode_status`
2022-09-03 04:16:14.373629+00:00 [info] <0.666.0> Resetting node maintenance status
2022-09-03 04:16:14.373980+00:00 [info] <0.666.0> Ready to start client connection listeners
2022-09-03 04:16:14.379278+00:00 [info] <0.684.0> started TCP listener on [::]:5672
2022-09-03 04:16:14.559250+00:00 [info] <0.666.0> Server startup complete; 0 plugins started.
2022-09-03 04:45:49.980369+00:00 [info] <0.904.0> accepting AMQP connection <0.904.0> (172.19.0.1:52678 -> 172.19.0.3:5672)
2022-09-03 04:45:50.002637+00:00 [error] <0.904.0> closing AMQP connection <0.904.0> (172.19.0.1:52678 -> 172.19.0.3:5672):
2022-09-03 04:45:50.002637+00:00 [error] <0.904.0> {bad_header,<<"GET / HT">>}
2022-09-03 04:45:51.301166+00:00 [info] <0.907.0> accepting AMQP connection <0.907.0> (172.19.0.1:52682 -> 172.19.0.3:5672)
2022-09-03 04:45:51.301524+00:00 [error] <0.907.0> closing AMQP connection <0.907.0> (172.19.0.1:52682 -> 172.19.0.3:5672):
2022-09-03 04:45:51.301524+00:00 [error] <0.907.0> {bad_header,<<"GET / HT">>}
2022-09-03 04:46:01.056630+00:00 [info] <0.913.0> accepting AMQP connection <0.913.0> (172.19.0.1:52686 -> 172.19.0.3:5672)
2022-09-03 04:46:01.058388+00:00 [error] <0.913.0> closing AMQP connection <0.913.0> (172.19.0.1:52686 -> 172.19.0.3:5672):
2022-09-03 04:46:01.058388+00:00 [error] <0.913.0> {handshake_timeout,handshake}
2022-09-03 04:49:32.829226+00:00 [info] <0.946.0> accepting AMQP connection <0.946.0> (172.19.0.1:52706 -> 172.19.0.3:5672)
2022-09-03 04:49:32.830039+00:00 [error] <0.946.0> closing AMQP connection <0.946.0> (172.19.0.1:52706 -> 172.19.0.3:5672):
2022-09-03 04:49:32.830039+00:00 [error] <0.946.0> {bad_header,<<"GET / HT">>}
2022-09-03 04:49:42.587283+00:00 [info] <0.949.0> accepting AMQP connection <0.949.0> (172.19.0.1:52710 -> 172.19.0.3:5672)
2022-09-03 04:49:42.587429+00:00 [error] <0.949.0> closing AMQP connection <0.949.0> (172.19.0.1:52710 -> 172.19.0.3:5672):
2022-09-03 04:49:42.587429+00:00 [error] <0.949.0> {handshake_timeout,handshake}
2022-09-03 04:57:02.751623+00:00 [notice] <0.60.0> SIGTERM received - shutting down
2022-09-03 04:57:02.751623+00:00 [notice] <0.60.0> 
2022-09-03 04:57:02.766197+00:00 [info] <0.222.0> Peer discovery backend rabbit_peer_discovery_classic_config does not support registration, skipping unregistration.
2022-09-03 04:57:02.774919+00:00 [info] <0.684.0> stopped TCP listener on [::]:5672
2022-09-03 04:57:02.803261+00:00 [info] <0.1005.0> Closing all connections in vhost '/' on node 'rabbit@6843bbda8198' because the vhost is stopping
2022-09-03 04:57:02.806533+00:00 [info] <0.628.0> Stopping message store for directory '/var/lib/rabbitmq/mnesia/rabbit@6843bbda8198/msg_stores/vhosts/628WB79CIFDYO9LJI6DKMI09L/msg_store_persistent'
2022-09-03 04:57:02.873188+00:00 [info] <0.628.0> Message store for directory '/var/lib/rabbitmq/mnesia/rabbit@6843bbda8198/msg_stores/vhosts/628WB79CIFDYO9LJI6DKMI09L/msg_store_persistent' is stopped
2022-09-03 04:57:02.874113+00:00 [info] <0.624.0> Stopping message store for directory '/var/lib/rabbitmq/mnesia/rabbit@6843bbda8198/msg_stores/vhosts/628WB79CIFDYO9LJI6DKMI09L/msg_store_transient'
2022-09-03 04:57:02.942672+00:00 [info] <0.624.0> Message store for directory '/var/lib/rabbitmq/mnesia/rabbit@6843bbda8198/msg_stores/vhosts/628WB79CIFDYO9LJI6DKMI09L/msg_store_transient' is stopped
2022-09-03 04:57:13.788537+00:00 [notice] <0.222.0> Logging: configured log handlers are now ACTIVE
2022-09-03 04:57:19.176240+00:00 [info] <0.222.0> ra: starting system quorum_queues
2022-09-03 04:57:19.176348+00:00 [info] <0.222.0> starting Ra system: quorum_queues in directory: /var/lib/rabbitmq/mnesia/rabbit@6843bbda8198/quorum/rabbit@6843bbda8198
2022-09-03 04:57:19.221769+00:00 [info] <0.290.0> ra system 'quorum_queues' running pre init for 0 registered servers
2022-09-03 04:57:19.238917+00:00 [info] <0.291.0> ra: meta data store initialised for system quorum_queues. 0 record(s) recovered
2022-09-03 04:57:19.239572+00:00 [notice] <0.300.0> WAL: ra_log_wal init, open tbls: ra_log_open_mem_tables, closed tbls: ra_log_closed_mem_tables
2022-09-03 04:57:19.272188+00:00 [info] <0.222.0> ra: starting system coordination
2022-09-03 04:57:19.272280+00:00 [info] <0.222.0> starting Ra system: coordination in directory: /var/lib/rabbitmq/mnesia/rabbit@6843bbda8198/coordination/rabbit@6843bbda8198
2022-09-03 04:57:19.322695+00:00 [info] <0.315.0> ra system 'coordination' running pre init for 0 registered servers
2022-09-03 04:57:19.344130+00:00 [info] <0.316.0> ra: meta data store initialised for system coordination. 0 record(s) recovered
2022-09-03 04:57:19.344771+00:00 [notice] <0.327.0> WAL: ra_coordination_log_wal init, open tbls: ra_coordination_log_open_mem_tables, closed tbls: ra_coordination_log_closed_mem_tables
2022-09-03 04:57:19.378203+00:00 [info] <0.222.0> 
2022-09-03 04:57:19.378203+00:00 [info] <0.222.0>  Starting RabbitMQ 3.10.7 on Erlang 25.0.4 [jit]
2022-09-03 04:57:19.378203+00:00 [info] <0.222.0>  Copyright (c) 2007-2022 VMware, Inc. or its affiliates.
2022-09-03 04:57:19.378203+00:00 [info] <0.222.0>  Licensed under the MPL 2.0. Website: https://rabbitmq.com
2022-09-03 04:57:19.389741+00:00 [info] <0.222.0> 
2022-09-03 04:57:19.389741+00:00 [info] <0.222.0>  node           : rabbit@6843bbda8198
2022-09-03 04:57:19.389741+00:00 [info] <0.222.0>  home dir       : /var/lib/rabbitmq
2022-09-03 04:57:19.389741+00:00 [info] <0.222.0>  config file(s) : (none)
2022-09-03 04:57:19.389741+00:00 [info] <0.222.0>  cookie hash    : I632BxIeVcljukT8rLir8Q==
2022-09-03 04:57:19.389741+00:00 [info] <0.222.0>  log(s)         : /var/log/rabbitmq/rabbit@6843bbda8198.log
2022-09-03 04:57:19.389741+00:00 [info] <0.222.0>                 : /var/log/rabbitmq/rabbit@6843bbda8198_upgrade.log
2022-09-03 04:57:19.389741+00:00 [info] <0.222.0>                 : <stdout>
2022-09-03 04:57:19.389741+00:00 [info] <0.222.0>  database dir   : /var/lib/rabbitmq/mnesia/rabbit@6843bbda8198
2022-09-03 04:57:19.658693+00:00 [info] <0.222.0> Running boot step pre_boot defined by app rabbit
2022-09-03 04:57:19.658891+00:00 [info] <0.222.0> Running boot step rabbit_global_counters defined by app rabbit
2022-09-03 04:57:19.659764+00:00 [info] <0.222.0> Running boot step rabbit_osiris_metrics defined by app rabbit
2022-09-03 04:57:19.660412+00:00 [info] <0.222.0> Running boot step rabbit_core_metrics defined by app rabbit
2022-09-03 04:57:19.663600+00:00 [info] <0.222.0> Running boot step rabbit_alarm defined by app rabbit
2022-09-03 04:57:19.672542+00:00 [info] <0.364.0> Memory high watermark set to 1538 MiB (1613337395 bytes) of 3846 MiB (4033343488 bytes) total
2022-09-03 04:57:19.678442+00:00 [info] <0.366.0> Enabling free disk space monitoring
2022-09-03 04:57:19.678515+00:00 [info] <0.366.0> Disk free limit set to 50MB
2022-09-03 04:57:19.683473+00:00 [info] <0.222.0> Running boot step code_server_cache defined by app rabbit
2022-09-03 04:57:19.684497+00:00 [info] <0.222.0> Running boot step file_handle_cache defined by app rabbit
2022-09-03 04:57:19.685501+00:00 [info] <0.371.0> Limiting to approx 1048479 file handles (943629 sockets)
2022-09-03 04:57:19.685855+00:00 [info] <0.372.0> FHC read buffering: OFF
2022-09-03 04:57:19.685938+00:00 [info] <0.372.0> FHC write buffering: ON
2022-09-03 04:57:19.689305+00:00 [info] <0.222.0> Running boot step worker_pool defined by app rabbit
2022-09-03 04:57:19.689566+00:00 [info] <0.339.0> Will use 8 processes for default worker pool
2022-09-03 04:57:19.689670+00:00 [info] <0.339.0> Starting worker pool 'worker_pool' with 8 processes in it
2022-09-03 04:57:19.690599+00:00 [info] <0.222.0> Running boot step database defined by app rabbit
2022-09-03 04:57:19.719206+00:00 [info] <0.222.0> Waiting for Mnesia tables for 30000 ms, 9 retries left
2022-09-03 04:57:19.720243+00:00 [info] <0.222.0> Successfully synced tables from a peer
2022-09-03 04:57:19.720460+00:00 [info] <0.222.0> Waiting for Mnesia tables for 30000 ms, 9 retries left
2022-09-03 04:57:19.720753+00:00 [info] <0.222.0> Successfully synced tables from a peer
2022-09-03 04:57:19.765426+00:00 [info] <0.222.0> Waiting for Mnesia tables for 30000 ms, 9 retries left
2022-09-03 04:57:19.765651+00:00 [info] <0.222.0> Successfully synced tables from a peer
2022-09-03 04:57:19.765710+00:00 [info] <0.222.0> Peer discovery backend rabbit_peer_discovery_classic_config does not support registration, skipping registration.
2022-09-03 04:57:19.765852+00:00 [info] <0.222.0> Running boot step database_sync defined by app rabbit
2022-09-03 04:57:19.765983+00:00 [info] <0.222.0> Running boot step feature_flags defined by app rabbit
2022-09-03 04:57:19.771118+00:00 [info] <0.222.0> Running boot step codec_correctness_check defined by app rabbit
2022-09-03 04:57:19.771204+00:00 [info] <0.222.0> Running boot step external_infrastructure defined by app rabbit
2022-09-03 04:57:19.771232+00:00 [info] <0.222.0> Running boot step rabbit_event defined by app rabbit
2022-09-03 04:57:19.771508+00:00 [info] <0.222.0> Running boot step rabbit_registry defined by app rabbit
2022-09-03 04:57:19.771605+00:00 [info] <0.222.0> Running boot step rabbit_auth_mechanism_amqplain defined by app rabbit
2022-09-03 04:57:19.771739+00:00 [info] <0.222.0> Running boot step rabbit_auth_mechanism_cr_demo defined by app rabbit
2022-09-03 04:57:19.771863+00:00 [info] <0.222.0> Running boot step rabbit_auth_mechanism_plain defined by app rabbit
2022-09-03 04:57:19.771947+00:00 [info] <0.222.0> Running boot step rabbit_exchange_type_direct defined by app rabbit
2022-09-03 04:57:19.772052+00:00 [info] <0.222.0> Running boot step rabbit_exchange_type_fanout defined by app rabbit
2022-09-03 04:57:19.772106+00:00 [info] <0.222.0> Running boot step rabbit_exchange_type_headers defined by app rabbit
2022-09-03 04:57:19.772157+00:00 [info] <0.222.0> Running boot step rabbit_exchange_type_topic defined by app rabbit
2022-09-03 04:57:19.772205+00:00 [info] <0.222.0> Running boot step rabbit_mirror_queue_mode_all defined by app rabbit
2022-09-03 04:57:19.772251+00:00 [info] <0.222.0> Running boot step rabbit_mirror_queue_mode_exactly defined by app rabbit
2022-09-03 04:57:19.772312+00:00 [info] <0.222.0> Running boot step rabbit_mirror_queue_mode_nodes defined by app rabbit
2022-09-03 04:57:19.772361+00:00 [info] <0.222.0> Running boot step rabbit_priority_queue defined by app rabbit
2022-09-03 04:57:19.772393+00:00 [info] <0.222.0> Priority queues enabled, real BQ is rabbit_variable_queue
2022-09-03 04:57:19.772578+00:00 [info] <0.222.0> Running boot step rabbit_queue_location_client_local defined by app rabbit
2022-09-03 04:57:19.772770+00:00 [info] <0.222.0> Running boot step rabbit_queue_location_min_masters defined by app rabbit
2022-09-03 04:57:19.772935+00:00 [info] <0.222.0> Running boot step rabbit_queue_location_random defined by app rabbit
2022-09-03 04:57:19.773093+00:00 [info] <0.222.0> Running boot step kernel_ready defined by app rabbit
2022-09-03 04:57:19.773247+00:00 [info] <0.222.0> Running boot step rabbit_sysmon_minder defined by app rabbit
2022-09-03 04:57:19.773611+00:00 [info] <0.222.0> Running boot step rabbit_epmd_monitor defined by app rabbit
2022-09-03 04:57:19.775520+00:00 [info] <0.398.0> epmd monitor knows us, inter-node communication (distribution) port: 25672
2022-09-03 04:57:19.775841+00:00 [info] <0.222.0> Running boot step guid_generator defined by app rabbit
2022-09-03 04:57:19.797675+00:00 [info] <0.222.0> Running boot step rabbit_node_monitor defined by app rabbit
2022-09-03 04:57:19.798254+00:00 [info] <0.402.0> Starting rabbit_node_monitor
2022-09-03 04:57:19.798656+00:00 [info] <0.222.0> Running boot step delegate_sup defined by app rabbit
2022-09-03 04:57:19.801164+00:00 [info] <0.222.0> Running boot step rabbit_memory_monitor defined by app rabbit
2022-09-03 04:57:19.801768+00:00 [info] <0.222.0> Running boot step rabbit_fifo_dlx_sup defined by app rabbit
2022-09-03 04:57:19.802175+00:00 [info] <0.222.0> Running boot step core_initialized defined by app rabbit
2022-09-03 04:57:19.802329+00:00 [info] <0.222.0> Running boot step upgrade_queues defined by app rabbit
2022-09-03 04:57:19.824657+00:00 [info] <0.222.0> Running boot step channel_tracking defined by app rabbit
2022-09-03 04:57:19.825090+00:00 [info] <0.222.0> Setting up a table for channel tracking on this node: tracked_channel_on_node_rabbit@6843bbda8198
2022-09-03 04:57:19.825522+00:00 [info] <0.222.0> Setting up a table for channel tracking on this node: tracked_channel_table_per_user_on_node_rabbit@6843bbda8198
2022-09-03 04:57:19.826034+00:00 [info] <0.222.0> Running boot step rabbit_channel_tracking_handler defined by app rabbit
2022-09-03 04:57:19.826216+00:00 [info] <0.222.0> Running boot step connection_tracking defined by app rabbit
2022-09-03 04:57:19.826746+00:00 [info] <0.222.0> Setting up a table for connection tracking on this node: tracked_connection_on_node_rabbit@6843bbda8198
2022-09-03 04:57:19.827348+00:00 [info] <0.222.0> Setting up a table for per-vhost connection counting on this node: tracked_connection_per_vhost_on_node_rabbit@6843bbda8198
2022-09-03 04:57:19.827858+00:00 [info] <0.222.0> Setting up a table for per-user connection counting on this node: tracked_connection_table_per_user_on_node_rabbit@6843bbda8198
2022-09-03 04:57:19.828689+00:00 [info] <0.222.0> Running boot step rabbit_connection_tracking_handler defined by app rabbit
2022-09-03 04:57:19.828998+00:00 [info] <0.222.0> Running boot step rabbit_definitions_hashing defined by app rabbit
2022-09-03 04:57:19.829293+00:00 [info] <0.222.0> Running boot step rabbit_exchange_parameters defined by app rabbit
2022-09-03 04:57:19.829573+00:00 [info] <0.222.0> Running boot step rabbit_mirror_queue_misc defined by app rabbit
2022-09-03 04:57:19.830063+00:00 [info] <0.222.0> Running boot step rabbit_policies defined by app rabbit
2022-09-03 04:57:19.831012+00:00 [info] <0.222.0> Running boot step rabbit_policy defined by app rabbit
2022-09-03 04:57:19.831268+00:00 [info] <0.222.0> Running boot step rabbit_queue_location_validator defined by app rabbit
2022-09-03 04:57:19.831429+00:00 [info] <0.222.0> Running boot step rabbit_quorum_memory_manager defined by app rabbit
2022-09-03 04:57:19.831614+00:00 [info] <0.222.0> Running boot step rabbit_stream_coordinator defined by app rabbit
2022-09-03 04:57:19.832549+00:00 [info] <0.222.0> Running boot step rabbit_vhost_limit defined by app rabbit
2022-09-03 04:57:19.836232+00:00 [info] <0.222.0> Running boot step recovery defined by app rabbit
2022-09-03 04:57:19.844384+00:00 [info] <0.436.0> Making sure data directory '/var/lib/rabbitmq/mnesia/rabbit@6843bbda8198/msg_stores/vhosts/628WB79CIFDYO9LJI6DKMI09L' for vhost '/' exists
2022-09-03 04:57:19.916367+00:00 [info] <0.436.0> Starting message stores for vhost '/'
2022-09-03 04:57:19.917597+00:00 [info] <0.441.0> Message store "628WB79CIFDYO9LJI6DKMI09L/msg_store_transient": using rabbit_msg_store_ets_index to provide index
2022-09-03 04:57:20.152211+00:00 [info] <0.436.0> Started message store of type transient for vhost '/'
2022-09-03 04:57:20.153188+00:00 [info] <0.445.0> Message store "628WB79CIFDYO9LJI6DKMI09L/msg_store_persistent": using rabbit_msg_store_ets_index to provide index
2022-09-03 04:57:20.213104+00:00 [info] <0.436.0> Started message store of type persistent for vhost '/'
2022-09-03 04:57:20.213623+00:00 [info] <0.436.0> Recovering 0 queues of type rabbit_classic_queue took 330ms
2022-09-03 04:57:20.213724+00:00 [info] <0.436.0> Recovering 0 queues of type rabbit_quorum_queue took 0ms
2022-09-03 04:57:20.213811+00:00 [info] <0.436.0> Recovering 0 queues of type rabbit_stream_queue took 0ms
2022-09-03 04:57:20.221636+00:00 [info] <0.222.0> Running boot step empty_db_check defined by app rabbit
2022-09-03 04:57:20.221933+00:00 [info] <0.222.0> Will not seed default virtual host and user: have definitions to load...
2022-09-03 04:57:20.221986+00:00 [info] <0.222.0> Running boot step rabbit_looking_glass defined by app rabbit
2022-09-03 04:57:20.222040+00:00 [info] <0.222.0> Running boot step rabbit_core_metrics_gc defined by app rabbit
2022-09-03 04:57:20.222501+00:00 [info] <0.222.0> Running boot step background_gc defined by app rabbit
2022-09-03 04:57:20.222822+00:00 [info] <0.222.0> Running boot step routing_ready defined by app rabbit
2022-09-03 04:57:20.222924+00:00 [info] <0.222.0> Running boot step pre_flight defined by app rabbit
2022-09-03 04:57:20.223008+00:00 [info] <0.222.0> Running boot step notify_cluster defined by app rabbit
2022-09-03 04:57:20.223063+00:00 [info] <0.222.0> Running boot step networking defined by app rabbit
2022-09-03 04:57:20.223118+00:00 [info] <0.222.0> Running boot step definition_import_worker_pool defined by app rabbit
2022-09-03 04:57:20.223194+00:00 [info] <0.339.0> Starting worker pool 'definition_import_pool' with 8 processes in it
2022-09-03 04:57:20.224254+00:00 [info] <0.222.0> Running boot step cluster_name defined by app rabbit
2022-09-03 04:57:20.224382+00:00 [info] <0.222.0> Running boot step direct_client defined by app rabbit
2022-09-03 04:57:20.224591+00:00 [info] <0.222.0> Running boot step rabbit_maintenance_mode_state defined by app rabbit
2022-09-03 04:57:20.224644+00:00 [info] <0.222.0> Creating table rabbit_node_maintenance_states for feature flag `maintenance_mode_status`
2022-09-03 04:57:20.225279+00:00 [info] <0.478.0> Resetting node maintenance status
2022-09-03 04:57:20.225627+00:00 [info] <0.478.0> Ready to start client connection listeners
2022-09-03 04:57:20.232464+00:00 [info] <0.496.0> started TCP listener on [::]:5672
2022-09-03 04:57:20.466749+00:00 [info] <0.478.0> Server startup complete; 0 plugins started.
2022-09-03 05:00:55.719102+00:00 [info] <0.522.0> accepting AMQP connection <0.522.0> (172.19.0.1:52846 -> 172.19.0.3:5672)
2022-09-03 05:00:55.721191+00:00 [error] <0.522.0> closing AMQP connection <0.522.0> (172.19.0.1:52846 -> 172.19.0.3:5672):
2022-09-03 05:00:55.721191+00:00 [error] <0.522.0> {bad_header,<<"GET / HT">>}
2022-09-03 05:00:57.029081+00:00 [info] <0.525.0> accepting AMQP connection <0.525.0> (172.19.0.1:52844 -> 172.19.0.3:5672)
2022-09-03 05:00:57.029303+00:00 [error] <0.525.0> closing AMQP connection <0.525.0> (172.19.0.1:52844 -> 172.19.0.3:5672):
2022-09-03 05:00:57.029303+00:00 [error] <0.525.0> {bad_header,<<"GET / HT">>}
2022-09-03 05:01:06.826508+00:00 [info] <0.544.0> accepting AMQP connection <0.544.0> (172.19.0.1:52886 -> 172.19.0.3:5672)
2022-09-03 05:01:06.826852+00:00 [error] <0.544.0> closing AMQP connection <0.544.0> (172.19.0.1:52886 -> 172.19.0.3:5672):
2022-09-03 05:01:06.826852+00:00 [error] <0.544.0> {bad_header,<<"GET / HT">>}
2022-09-03 05:03:43.400601+00:00 [info] <0.654.0> Feature flags: list of feature flags found:
2022-09-03 05:03:43.400904+00:00 [info] <0.654.0> Feature flags:   [x] classic_mirrored_queue_version
2022-09-03 05:03:43.400944+00:00 [info] <0.654.0> Feature flags:   [ ] drop_unroutable_metric
2022-09-03 05:03:43.400981+00:00 [info] <0.654.0> Feature flags:   [ ] empty_basic_get_metric
2022-09-03 05:03:43.401455+00:00 [info] <0.654.0> Feature flags:   [x] implicit_default_bindings
2022-09-03 05:03:43.401523+00:00 [info] <0.654.0> Feature flags:   [x] maintenance_mode_status
2022-09-03 05:03:43.401550+00:00 [info] <0.654.0> Feature flags:   [x] quorum_queue
2022-09-03 05:03:43.401911+00:00 [info] <0.654.0> Feature flags:   [x] stream_queue
2022-09-03 05:03:43.401954+00:00 [info] <0.654.0> Feature flags:   [x] user_limits
2022-09-03 05:03:43.401994+00:00 [info] <0.654.0> Feature flags:   [x] virtual_host_metadata
2022-09-03 05:03:43.402017+00:00 [info] <0.654.0> Feature flags: feature flag states written to disk: yes
2022-09-03 05:03:43.989836+00:00 [info] <0.654.0> Running boot step rabbit_mgmt_db_handler defined by app rabbitmq_management_agent
2022-09-03 05:03:43.989968+00:00 [info] <0.654.0> Management plugin: using rates mode 'basic'
2022-09-03 05:03:44.074297+00:00 [info] <0.654.0> Running boot step rabbit_mgmt_reset_handler defined by app rabbitmq_management
2022-09-03 05:03:44.074484+00:00 [info] <0.654.0> Running boot step rabbit_management_load_definitions defined by app rabbitmq_management
2022-09-03 05:03:44.089513+00:00 [info] <0.719.0> Management plugin: HTTP (non-TLS) listener started on port 15672
2022-09-03 05:03:44.089800+00:00 [info] <0.747.0> Statistics database started.
2022-09-03 05:03:44.089905+00:00 [info] <0.746.0> Starting worker pool 'management_worker_pool' with 3 processes in it
2022-09-03 05:03:44.091136+00:00 [info] <0.654.0> Plugins changed; enabled [rabbitmq_management_agent,cowlib,cowboy,
2022-09-03 05:03:44.091136+00:00 [info] <0.654.0>                           rabbitmq_web_dispatch,amqp_client,
2022-09-03 05:03:44.091136+00:00 [info] <0.654.0>                           rabbitmq_management]
2022-09-03 08:21:10.041899+00:00 [warning] <0.3556.0> HTTP access denied: user 'guest' - invalid credentials
2022-09-03 08:21:15.867736+00:00 [warning] <0.3558.0> HTTP access denied: user 'guest' - invalid credentials
2022-09-03 08:21:18.488227+00:00 [warning] <0.3559.0> HTTP access denied: user 'guest' - invalid credentials
2022-09-03 08:21:20.072538+00:00 [warning] <0.3561.0> HTTP access denied: user 'guest' - invalid credentials
2022-09-03 08:21:53.201379+00:00 [info] <0.3603.0> accepting AMQP connection <0.3603.0> (172.19.0.1:54566 -> 172.19.0.3:5672)
2022-09-03 08:21:53.237358+00:00 [error] <0.3603.0> Error on AMQP connection <0.3603.0> (172.19.0.1:54566 -> 172.19.0.3:5672, state: starting):
2022-09-03 08:21:53.237358+00:00 [error] <0.3603.0> PLAIN login refused: user 'guest' - invalid credentials
2022-09-03 08:21:53.248089+00:00 [info] <0.3603.0> closing AMQP connection <0.3603.0> (172.19.0.1:54566 -> 172.19.0.3:5672)
2022-09-03 08:21:53.259761+00:00 [info] <0.3608.0> accepting AMQP connection <0.3608.0> (172.19.0.1:54570 -> 172.19.0.3:5672)
2022-09-03 08:21:53.264982+00:00 [error] <0.3608.0> Error on AMQP connection <0.3608.0> (172.19.0.1:54570 -> 172.19.0.3:5672, state: starting):
2022-09-03 08:21:53.264982+00:00 [error] <0.3608.0> PLAIN login refused: user 'guest' - invalid credentials
2022-09-03 08:21:53.268655+00:00 [info] <0.3608.0> closing AMQP connection <0.3608.0> (172.19.0.1:54570 -> 172.19.0.3:5672)
2022-09-03 10:03:01.439115+00:00 [info] <0.4820.0> accepting AMQP connection <0.4820.0> (172.19.0.1:55184 -> 172.19.0.3:5672)
2022-09-03 10:03:01.472669+00:00 [error] <0.4820.0> Error on AMQP connection <0.4820.0> (172.19.0.1:55184 -> 172.19.0.3:5672, state: starting):
2022-09-03 10:03:01.472669+00:00 [error] <0.4820.0> PLAIN login refused: user 'guest' - invalid credentials
2022-09-03 10:03:01.478793+00:00 [info] <0.4820.0> closing AMQP connection <0.4820.0> (172.19.0.1:55184 -> 172.19.0.3:5672)
2022-09-03 10:03:01.491498+00:00 [info] <0.4825.0> accepting AMQP connection <0.4825.0> (172.19.0.1:55188 -> 172.19.0.3:5672)
2022-09-03 10:03:01.498003+00:00 [error] <0.4825.0> Error on AMQP connection <0.4825.0> (172.19.0.1:55188 -> 172.19.0.3:5672, state: starting):
2022-09-03 10:03:01.498003+00:00 [error] <0.4825.0> PLAIN login refused: user 'guest' - invalid credentials
2022-09-03 10:03:01.502881+00:00 [info] <0.4825.0> closing AMQP connection <0.4825.0> (172.19.0.1:55188 -> 172.19.0.3:5672)
2022-09-03 10:03:22.898778+00:00 [info] <0.4834.0> accepting AMQP connection <0.4834.0> (172.19.0.1:55194 -> 172.19.0.3:5672)
2022-09-03 10:03:22.905043+00:00 [error] <0.4834.0> Error on AMQP connection <0.4834.0> (172.19.0.1:55194 -> 172.19.0.3:5672, state: starting):
2022-09-03 10:03:22.905043+00:00 [error] <0.4834.0> PLAIN login refused: user 'guest' - invalid credentials
2022-09-03 10:03:22.908499+00:00 [info] <0.4834.0> closing AMQP connection <0.4834.0> (172.19.0.1:55194 -> 172.19.0.3:5672)
2022-09-03 10:03:22.916040+00:00 [info] <0.4839.0> accepting AMQP connection <0.4839.0> (172.19.0.1:55198 -> 172.19.0.3:5672)
2022-09-03 10:03:22.921726+00:00 [error] <0.4839.0> Error on AMQP connection <0.4839.0> (172.19.0.1:55198 -> 172.19.0.3:5672, state: starting):
2022-09-03 10:03:22.921726+00:00 [error] <0.4839.0> PLAIN login refused: user 'guest' - invalid credentials
2022-09-03 10:03:22.924431+00:00 [info] <0.4839.0> closing AMQP connection <0.4839.0> (172.19.0.1:55198 -> 172.19.0.3:5672)
2022-09-03 10:04:59.694809+00:00 [notice] <0.60.0> SIGTERM received - shutting down
2022-09-03 10:04:59.694809+00:00 [notice] <0.60.0> 
2022-09-03 10:04:59.752138+00:00 [warning] <0.711.0> HTTP listener registry could not find context rabbitmq_management_tls
2022-09-03 10:04:59.858546+00:00 [info] <0.222.0> Peer discovery backend rabbit_peer_discovery_classic_config does not support registration, skipping unregistration.
2022-09-03 10:04:59.861653+00:00 [info] <0.496.0> stopped TCP listener on [::]:5672
2022-09-03 10:04:59.879954+00:00 [info] <0.4860.0> Closing all connections in vhost '/' on node 'rabbit@6843bbda8198' because the vhost is stopping
2022-09-03 10:04:59.885286+00:00 [info] <0.445.0> Stopping message store for directory '/var/lib/rabbitmq/mnesia/rabbit@6843bbda8198/msg_stores/vhosts/628WB79CIFDYO9LJI6DKMI09L/msg_store_persistent'
2022-09-03 10:05:00.001256+00:00 [info] <0.445.0> Message store for directory '/var/lib/rabbitmq/mnesia/rabbit@6843bbda8198/msg_stores/vhosts/628WB79CIFDYO9LJI6DKMI09L/msg_store_persistent' is stopped
2022-09-03 10:05:00.004032+00:00 [info] <0.441.0> Stopping message store for directory '/var/lib/rabbitmq/mnesia/rabbit@6843bbda8198/msg_stores/vhosts/628WB79CIFDYO9LJI6DKMI09L/msg_store_transient'
2022-09-03 10:05:00.090871+00:00 [info] <0.441.0> Message store for directory '/var/lib/rabbitmq/mnesia/rabbit@6843bbda8198/msg_stores/vhosts/628WB79CIFDYO9LJI6DKMI09L/msg_store_transient' is stopped
2022-09-03 10:05:00.115093+00:00 [info] <0.393.0> Management plugin: to stop collect_statistics.
