2022-09-03 10:05:34.421660+00:00 [notice] <0.222.0> Logging: configured log handlers are now ACTIVE
2022-09-03 10:05:35.224542+00:00 [info] <0.222.0> ra: starting system quorum_queues
2022-09-03 10:05:35.224788+00:00 [info] <0.222.0> starting Ra system: quorum_queues in directory: /var/lib/rabbitmq/mnesia/rabbit@81fd952b5232/quorum/rabbit@81fd952b5232
2022-09-03 10:05:35.881450+00:00 [info] <0.259.0> ra system 'quorum_queues' running pre init for 0 registered servers
2022-09-03 10:05:35.941536+00:00 [info] <0.260.0> ra: meta data store initialised for system quorum_queues. 0 record(s) recovered
2022-09-03 10:05:35.997413+00:00 [notice] <0.265.0> WAL: ra_log_wal init, open tbls: ra_log_open_mem_tables, closed tbls: ra_log_closed_mem_tables
2022-09-03 10:05:36.080896+00:00 [info] <0.222.0> ra: starting system coordination
2022-09-03 10:05:36.081045+00:00 [info] <0.222.0> starting Ra system: coordination in directory: /var/lib/rabbitmq/mnesia/rabbit@81fd952b5232/coordination/rabbit@81fd952b5232
2022-09-03 10:05:36.137223+00:00 [info] <0.272.0> ra system 'coordination' running pre init for 0 registered servers
2022-09-03 10:05:36.151287+00:00 [info] <0.273.0> ra: meta data store initialised for system coordination. 0 record(s) recovered
2022-09-03 10:05:36.152055+00:00 [notice] <0.278.0> WAL: ra_coordination_log_wal init, open tbls: ra_coordination_log_open_mem_tables, closed tbls: ra_coordination_log_closed_mem_tables
2022-09-03 10:05:36.182418+00:00 [info] <0.222.0> 
2022-09-03 10:05:36.182418+00:00 [info] <0.222.0>  Starting RabbitMQ 3.10.7 on Erlang 25.0.4 [jit]
2022-09-03 10:05:36.182418+00:00 [info] <0.222.0>  Copyright (c) 2007-2022 VMware, Inc. or its affiliates.
2022-09-03 10:05:36.182418+00:00 [info] <0.222.0>  Licensed under the MPL 2.0. Website: https://rabbitmq.com
2022-09-03 10:05:36.186384+00:00 [info] <0.222.0> 
2022-09-03 10:05:36.186384+00:00 [info] <0.222.0>  node           : rabbit@81fd952b5232
2022-09-03 10:05:36.186384+00:00 [info] <0.222.0>  home dir       : /var/lib/rabbitmq
2022-09-03 10:05:36.186384+00:00 [info] <0.222.0>  config file(s) : (none)
2022-09-03 10:05:36.186384+00:00 [info] <0.222.0>  cookie hash    : I632BxIeVcljukT8rLir8Q==
2022-09-03 10:05:36.186384+00:00 [info] <0.222.0>  log(s)         : /var/log/rabbitmq/rabbit@81fd952b5232.log
2022-09-03 10:05:36.186384+00:00 [info] <0.222.0>                 : /var/log/rabbitmq/rabbit@81fd952b5232_upgrade.log
2022-09-03 10:05:36.186384+00:00 [info] <0.222.0>                 : <stdout>
2022-09-03 10:05:36.186384+00:00 [info] <0.222.0>  database dir   : /var/lib/rabbitmq/mnesia/rabbit@81fd952b5232
2022-09-03 10:05:37.028348+00:00 [info] <0.222.0> Feature flags: list of feature flags found:
2022-09-03 10:05:37.028514+00:00 [info] <0.222.0> Feature flags:   [ ] classic_mirrored_queue_version
2022-09-03 10:05:37.028577+00:00 [info] <0.222.0> Feature flags:   [ ] drop_unroutable_metric
2022-09-03 10:05:37.028618+00:00 [info] <0.222.0> Feature flags:   [ ] empty_basic_get_metric
2022-09-03 10:05:37.032306+00:00 [info] <0.222.0> Feature flags:   [ ] implicit_default_bindings
2022-09-03 10:05:37.032383+00:00 [info] <0.222.0> Feature flags:   [ ] maintenance_mode_status
2022-09-03 10:05:37.032428+00:00 [info] <0.222.0> Feature flags:   [ ] quorum_queue
2022-09-03 10:05:37.036400+00:00 [info] <0.222.0> Feature flags:   [ ] stream_queue
2022-09-03 10:05:37.036517+00:00 [info] <0.222.0> Feature flags:   [ ] user_limits
2022-09-03 10:05:37.036575+00:00 [info] <0.222.0> Feature flags:   [ ] virtual_host_metadata
2022-09-03 10:05:37.036632+00:00 [info] <0.222.0> Feature flags: feature flag states written to disk: yes
2022-09-03 10:05:46.533832+00:00 [info] <0.222.0> Running boot step pre_boot defined by app rabbit
2022-09-03 10:05:46.534067+00:00 [info] <0.222.0> Running boot step rabbit_global_counters defined by app rabbit
2022-09-03 10:05:46.536088+00:00 [info] <0.222.0> Running boot step rabbit_osiris_metrics defined by app rabbit
2022-09-03 10:05:46.536602+00:00 [info] <0.222.0> Running boot step rabbit_core_metrics defined by app rabbit
2022-09-03 10:05:46.538145+00:00 [info] <0.222.0> Running boot step rabbit_alarm defined by app rabbit
2022-09-03 10:05:46.547220+00:00 [info] <0.290.0> Memory high watermark set to 1538 MiB (1613337395 bytes) of 3846 MiB (4033343488 bytes) total
2022-09-03 10:05:46.556355+00:00 [info] <0.292.0> Enabling free disk space monitoring
2022-09-03 10:05:46.556595+00:00 [info] <0.292.0> Disk free limit set to 50MB
2022-09-03 10:05:46.564425+00:00 [info] <0.222.0> Running boot step code_server_cache defined by app rabbit
2022-09-03 10:05:46.564817+00:00 [info] <0.222.0> Running boot step file_handle_cache defined by app rabbit
2022-09-03 10:05:46.565342+00:00 [info] <0.297.0> Limiting to approx 1048479 file handles (943629 sockets)
2022-09-03 10:05:46.565725+00:00 [info] <0.298.0> FHC read buffering: OFF
2022-09-03 10:05:46.565842+00:00 [info] <0.298.0> FHC write buffering: ON
2022-09-03 10:05:46.568073+00:00 [info] <0.222.0> Running boot step worker_pool defined by app rabbit
2022-09-03 10:05:46.568459+00:00 [info] <0.280.0> Will use 8 processes for default worker pool
2022-09-03 10:05:46.568572+00:00 [info] <0.280.0> Starting worker pool 'worker_pool' with 8 processes in it
2022-09-03 10:05:46.569879+00:00 [info] <0.222.0> Running boot step database defined by app rabbit
2022-09-03 10:05:46.575223+00:00 [info] <0.222.0> Node database directory at /var/lib/rabbitmq/mnesia/rabbit@81fd952b5232 is empty. Assuming we need to join an existing cluster or initialise from scratch...
2022-09-03 10:05:46.575402+00:00 [info] <0.222.0> Configured peer discovery backend: rabbit_peer_discovery_classic_config
2022-09-03 10:05:46.575506+00:00 [info] <0.222.0> Will try to lock with peer discovery backend rabbit_peer_discovery_classic_config
2022-09-03 10:05:46.575678+00:00 [info] <0.222.0> All discovered existing cluster peers:
2022-09-03 10:05:46.575799+00:00 [info] <0.222.0> Discovered no peer nodes to cluster with. Some discovery backends can filter nodes out based on a readiness criteria. Enabling debug logging might help troubleshoot.
2022-09-03 10:05:46.588555+00:00 [notice] <0.44.0> Application mnesia exited with reason: stopped
2022-09-03 10:05:47.465744+00:00 [info] <0.222.0> Waiting for Mnesia tables for 30000 ms, 9 retries left
2022-09-03 10:05:47.466248+00:00 [info] <0.222.0> Successfully synced tables from a peer
2022-09-03 10:05:47.501466+00:00 [info] <0.222.0> Waiting for Mnesia tables for 30000 ms, 9 retries left
2022-09-03 10:05:47.501735+00:00 [info] <0.222.0> Successfully synced tables from a peer
2022-09-03 10:05:47.501815+00:00 [info] <0.222.0> Feature flag `classic_mirrored_queue_version`: supported, attempt to enable...
2022-09-03 10:05:47.501934+00:00 [info] <0.222.0> Feature flag `classic_mirrored_queue_version`: mark as enabled=state_changing
2022-09-03 10:05:47.504146+00:00 [info] <0.222.0> Feature flags: list of feature flags found:
2022-09-03 10:05:47.504269+00:00 [info] <0.222.0> Feature flags:   [~] classic_mirrored_queue_version
2022-09-03 10:05:47.504348+00:00 [info] <0.222.0> Feature flags:   [ ] drop_unroutable_metric
2022-09-03 10:05:47.504658+00:00 [info] <0.222.0> Feature flags:   [ ] empty_basic_get_metric
2022-09-03 10:05:47.504709+00:00 [info] <0.222.0> Feature flags:   [ ] implicit_default_bindings
2022-09-03 10:05:47.504753+00:00 [info] <0.222.0> Feature flags:   [ ] maintenance_mode_status
2022-09-03 10:05:47.504848+00:00 [info] <0.222.0> Feature flags:   [ ] quorum_queue
2022-09-03 10:05:47.504893+00:00 [info] <0.222.0> Feature flags:   [ ] stream_queue
2022-09-03 10:05:47.504938+00:00 [info] <0.222.0> Feature flags:   [ ] user_limits
2022-09-03 10:05:47.505038+00:00 [info] <0.222.0> Feature flags:   [ ] virtual_host_metadata
2022-09-03 10:05:47.505249+00:00 [info] <0.222.0> Feature flags: feature flag states written to disk: yes
2022-09-03 10:05:47.535567+00:00 [info] <0.222.0> Feature flag `classic_mirrored_queue_version`: mark as enabled=true
2022-09-03 10:05:47.546098+00:00 [info] <0.222.0> Feature flags: list of feature flags found:
2022-09-03 10:05:47.546206+00:00 [info] <0.222.0> Feature flags:   [x] classic_mirrored_queue_version
2022-09-03 10:05:47.546240+00:00 [info] <0.222.0> Feature flags:   [ ] drop_unroutable_metric
2022-09-03 10:05:47.546265+00:00 [info] <0.222.0> Feature flags:   [ ] empty_basic_get_metric
2022-09-03 10:05:47.546478+00:00 [info] <0.222.0> Feature flags:   [ ] implicit_default_bindings
2022-09-03 10:05:47.546547+00:00 [info] <0.222.0> Feature flags:   [ ] maintenance_mode_status
2022-09-03 10:05:47.546583+00:00 [info] <0.222.0> Feature flags:   [ ] quorum_queue
2022-09-03 10:05:47.546819+00:00 [info] <0.222.0> Feature flags:   [ ] stream_queue
2022-09-03 10:05:47.546885+00:00 [info] <0.222.0> Feature flags:   [ ] user_limits
2022-09-03 10:05:47.546937+00:00 [info] <0.222.0> Feature flags:   [ ] virtual_host_metadata
2022-09-03 10:05:47.546989+00:00 [info] <0.222.0> Feature flags: feature flag states written to disk: yes
2022-09-03 10:05:47.569579+00:00 [info] <0.222.0> Feature flag `drop_unroutable_metric`: supported, attempt to enable...
2022-09-03 10:05:47.569761+00:00 [info] <0.222.0> Feature flag `drop_unroutable_metric`: mark as enabled=state_changing
2022-09-03 10:05:47.571964+00:00 [info] <0.222.0> Feature flags: list of feature flags found:
2022-09-03 10:05:47.572109+00:00 [info] <0.222.0> Feature flags:   [x] classic_mirrored_queue_version
2022-09-03 10:05:47.572168+00:00 [info] <0.222.0> Feature flags:   [~] drop_unroutable_metric
2022-09-03 10:05:47.572304+00:00 [info] <0.222.0> Feature flags:   [ ] empty_basic_get_metric
2022-09-03 10:05:47.572402+00:00 [info] <0.222.0> Feature flags:   [ ] implicit_default_bindings
2022-09-03 10:05:47.572560+00:00 [info] <0.222.0> Feature flags:   [ ] maintenance_mode_status
2022-09-03 10:05:47.572662+00:00 [info] <0.222.0> Feature flags:   [ ] quorum_queue
2022-09-03 10:05:47.572752+00:00 [info] <0.222.0> Feature flags:   [ ] stream_queue
2022-09-03 10:05:47.572831+00:00 [info] <0.222.0> Feature flags:   [ ] user_limits
2022-09-03 10:05:47.572912+00:00 [info] <0.222.0> Feature flags:   [ ] virtual_host_metadata
2022-09-03 10:05:47.573007+00:00 [info] <0.222.0> Feature flags: feature flag states written to disk: yes
2022-09-03 10:05:47.590289+00:00 [info] <0.222.0> Feature flag `drop_unroutable_metric`: mark as enabled=true
2022-09-03 10:05:47.611223+00:00 [info] <0.222.0> Feature flags: list of feature flags found:
2022-09-03 10:05:47.611356+00:00 [info] <0.222.0> Feature flags:   [x] classic_mirrored_queue_version
2022-09-03 10:05:47.611418+00:00 [info] <0.222.0> Feature flags:   [x] drop_unroutable_metric
2022-09-03 10:05:47.611468+00:00 [info] <0.222.0> Feature flags:   [ ] empty_basic_get_metric
2022-09-03 10:05:47.611692+00:00 [info] <0.222.0> Feature flags:   [ ] implicit_default_bindings
2022-09-03 10:05:47.611746+00:00 [info] <0.222.0> Feature flags:   [ ] maintenance_mode_status
2022-09-03 10:05:47.611772+00:00 [info] <0.222.0> Feature flags:   [ ] quorum_queue
2022-09-03 10:05:47.611838+00:00 [info] <0.222.0> Feature flags:   [ ] stream_queue
2022-09-03 10:05:47.612059+00:00 [info] <0.222.0> Feature flags:   [ ] user_limits
2022-09-03 10:05:47.612088+00:00 [info] <0.222.0> Feature flags:   [ ] virtual_host_metadata
2022-09-03 10:05:47.612119+00:00 [info] <0.222.0> Feature flags: feature flag states written to disk: yes
2022-09-03 10:05:47.631508+00:00 [info] <0.222.0> Feature flag `empty_basic_get_metric`: supported, attempt to enable...
2022-09-03 10:05:47.631615+00:00 [info] <0.222.0> Feature flag `empty_basic_get_metric`: mark as enabled=state_changing
2022-09-03 10:05:47.633306+00:00 [info] <0.222.0> Feature flags: list of feature flags found:
2022-09-03 10:05:47.633434+00:00 [info] <0.222.0> Feature flags:   [x] classic_mirrored_queue_version
2022-09-03 10:05:47.633499+00:00 [info] <0.222.0> Feature flags:   [x] drop_unroutable_metric
2022-09-03 10:05:47.633530+00:00 [info] <0.222.0> Feature flags:   [~] empty_basic_get_metric
2022-09-03 10:05:47.633554+00:00 [info] <0.222.0> Feature flags:   [ ] implicit_default_bindings
2022-09-03 10:05:47.633577+00:00 [info] <0.222.0> Feature flags:   [ ] maintenance_mode_status
2022-09-03 10:05:47.633662+00:00 [info] <0.222.0> Feature flags:   [ ] quorum_queue
2022-09-03 10:05:47.633722+00:00 [info] <0.222.0> Feature flags:   [ ] stream_queue
2022-09-03 10:05:47.633752+00:00 [info] <0.222.0> Feature flags:   [ ] user_limits
2022-09-03 10:05:47.633832+00:00 [info] <0.222.0> Feature flags:   [ ] virtual_host_metadata
2022-09-03 10:05:47.633924+00:00 [info] <0.222.0> Feature flags: feature flag states written to disk: yes
2022-09-03 10:05:47.650271+00:00 [info] <0.222.0> Feature flag `empty_basic_get_metric`: mark as enabled=true
2022-09-03 10:05:47.666573+00:00 [info] <0.222.0> Feature flags: list of feature flags found:
2022-09-03 10:05:47.666736+00:00 [info] <0.222.0> Feature flags:   [x] classic_mirrored_queue_version
2022-09-03 10:05:47.666787+00:00 [info] <0.222.0> Feature flags:   [x] drop_unroutable_metric
2022-09-03 10:05:47.666823+00:00 [info] <0.222.0> Feature flags:   [x] empty_basic_get_metric
2022-09-03 10:05:47.667025+00:00 [info] <0.222.0> Feature flags:   [ ] implicit_default_bindings
2022-09-03 10:05:47.667086+00:00 [info] <0.222.0> Feature flags:   [ ] maintenance_mode_status
2022-09-03 10:05:47.667167+00:00 [info] <0.222.0> Feature flags:   [ ] quorum_queue
2022-09-03 10:05:47.667250+00:00 [info] <0.222.0> Feature flags:   [ ] stream_queue
2022-09-03 10:05:47.667301+00:00 [info] <0.222.0> Feature flags:   [ ] user_limits
2022-09-03 10:05:47.667347+00:00 [info] <0.222.0> Feature flags:   [ ] virtual_host_metadata
2022-09-03 10:05:47.667470+00:00 [info] <0.222.0> Feature flags: feature flag states written to disk: yes
2022-09-03 10:05:47.681894+00:00 [info] <0.222.0> Feature flag `implicit_default_bindings`: supported, attempt to enable...
2022-09-03 10:05:47.682061+00:00 [info] <0.222.0> Feature flag `implicit_default_bindings`: mark as enabled=state_changing
2022-09-03 10:05:47.684113+00:00 [info] <0.222.0> Feature flags: list of feature flags found:
2022-09-03 10:05:47.684192+00:00 [info] <0.222.0> Feature flags:   [x] classic_mirrored_queue_version
2022-09-03 10:05:47.684225+00:00 [info] <0.222.0> Feature flags:   [x] drop_unroutable_metric
2022-09-03 10:05:47.684257+00:00 [info] <0.222.0> Feature flags:   [x] empty_basic_get_metric
2022-09-03 10:05:47.684282+00:00 [info] <0.222.0> Feature flags:   [~] implicit_default_bindings
2022-09-03 10:05:47.684336+00:00 [info] <0.222.0> Feature flags:   [ ] maintenance_mode_status
2022-09-03 10:05:47.684476+00:00 [info] <0.222.0> Feature flags:   [ ] quorum_queue
2022-09-03 10:05:47.684520+00:00 [info] <0.222.0> Feature flags:   [ ] stream_queue
2022-09-03 10:05:47.684557+00:00 [info] <0.222.0> Feature flags:   [ ] user_limits
2022-09-03 10:05:47.684620+00:00 [info] <0.222.0> Feature flags:   [ ] virtual_host_metadata
2022-09-03 10:05:47.685204+00:00 [info] <0.222.0> Feature flags: feature flag states written to disk: yes
2022-09-03 10:05:47.709054+00:00 [info] <0.222.0> Waiting for Mnesia tables for 30000 ms, 0 retries left
2022-09-03 10:05:47.709318+00:00 [info] <0.222.0> Successfully synced tables from a peer
2022-09-03 10:05:47.709519+00:00 [info] <0.222.0> Feature flag `implicit_default_bindings`: mark as enabled=true
2022-09-03 10:05:47.728309+00:00 [info] <0.222.0> Feature flags: list of feature flags found:
2022-09-03 10:05:47.728465+00:00 [info] <0.222.0> Feature flags:   [x] classic_mirrored_queue_version
2022-09-03 10:05:47.728527+00:00 [info] <0.222.0> Feature flags:   [x] drop_unroutable_metric
2022-09-03 10:05:47.728593+00:00 [info] <0.222.0> Feature flags:   [x] empty_basic_get_metric
2022-09-03 10:05:47.728683+00:00 [info] <0.222.0> Feature flags:   [x] implicit_default_bindings
2022-09-03 10:05:47.728732+00:00 [info] <0.222.0> Feature flags:   [ ] maintenance_mode_status
2022-09-03 10:05:47.728811+00:00 [info] <0.222.0> Feature flags:   [ ] quorum_queue
2022-09-03 10:05:47.728921+00:00 [info] <0.222.0> Feature flags:   [ ] stream_queue
2022-09-03 10:05:47.728998+00:00 [info] <0.222.0> Feature flags:   [ ] user_limits
2022-09-03 10:05:47.729093+00:00 [info] <0.222.0> Feature flags:   [ ] virtual_host_metadata
2022-09-03 10:05:47.729194+00:00 [info] <0.222.0> Feature flags: feature flag states written to disk: yes
2022-09-03 10:05:47.752602+00:00 [info] <0.222.0> Feature flag `maintenance_mode_status`: supported, attempt to enable...
2022-09-03 10:05:47.752856+00:00 [info] <0.222.0> Feature flag `maintenance_mode_status`: mark as enabled=state_changing
2022-09-03 10:05:47.755163+00:00 [info] <0.222.0> Feature flags: list of feature flags found:
2022-09-03 10:05:47.755376+00:00 [info] <0.222.0> Feature flags:   [x] classic_mirrored_queue_version
2022-09-03 10:05:47.755442+00:00 [info] <0.222.0> Feature flags:   [x] drop_unroutable_metric
2022-09-03 10:05:47.755596+00:00 [info] <0.222.0> Feature flags:   [x] empty_basic_get_metric
2022-09-03 10:05:47.755659+00:00 [info] <0.222.0> Feature flags:   [x] implicit_default_bindings
2022-09-03 10:05:47.755717+00:00 [info] <0.222.0> Feature flags:   [~] maintenance_mode_status
2022-09-03 10:05:47.755930+00:00 [info] <0.222.0> Feature flags:   [ ] quorum_queue
2022-09-03 10:05:47.756010+00:00 [info] <0.222.0> Feature flags:   [ ] stream_queue
2022-09-03 10:05:47.756055+00:00 [info] <0.222.0> Feature flags:   [ ] user_limits
2022-09-03 10:05:47.756101+00:00 [info] <0.222.0> Feature flags:   [ ] virtual_host_metadata
2022-09-03 10:05:47.756335+00:00 [info] <0.222.0> Feature flags: feature flag states written to disk: yes
2022-09-03 10:05:47.775501+00:00 [info] <0.222.0> Creating table rabbit_node_maintenance_states for feature flag `maintenance_mode_status`
2022-09-03 10:05:47.799432+00:00 [info] <0.222.0> Feature flag `maintenance_mode_status`: mark as enabled=true
2022-09-03 10:05:47.813025+00:00 [info] <0.222.0> Feature flags: list of feature flags found:
2022-09-03 10:05:47.813215+00:00 [info] <0.222.0> Feature flags:   [x] classic_mirrored_queue_version
2022-09-03 10:05:47.813271+00:00 [info] <0.222.0> Feature flags:   [x] drop_unroutable_metric
2022-09-03 10:05:47.813351+00:00 [info] <0.222.0> Feature flags:   [x] empty_basic_get_metric
2022-09-03 10:05:47.813472+00:00 [info] <0.222.0> Feature flags:   [x] implicit_default_bindings
2022-09-03 10:05:47.813522+00:00 [info] <0.222.0> Feature flags:   [x] maintenance_mode_status
2022-09-03 10:05:47.813626+00:00 [info] <0.222.0> Feature flags:   [ ] quorum_queue
2022-09-03 10:05:47.813680+00:00 [info] <0.222.0> Feature flags:   [ ] stream_queue
2022-09-03 10:05:47.813825+00:00 [info] <0.222.0> Feature flags:   [ ] user_limits
2022-09-03 10:05:47.813891+00:00 [info] <0.222.0> Feature flags:   [ ] virtual_host_metadata
2022-09-03 10:05:47.813929+00:00 [info] <0.222.0> Feature flags: feature flag states written to disk: yes
2022-09-03 10:05:47.832779+00:00 [info] <0.222.0> Feature flag `quorum_queue`: supported, attempt to enable...
2022-09-03 10:05:47.832903+00:00 [info] <0.222.0> Feature flag `quorum_queue`: mark as enabled=state_changing
2022-09-03 10:05:47.834367+00:00 [info] <0.222.0> Feature flags: list of feature flags found:
2022-09-03 10:05:47.834485+00:00 [info] <0.222.0> Feature flags:   [x] classic_mirrored_queue_version
2022-09-03 10:05:47.834532+00:00 [info] <0.222.0> Feature flags:   [x] drop_unroutable_metric
2022-09-03 10:05:47.834618+00:00 [info] <0.222.0> Feature flags:   [x] empty_basic_get_metric
2022-09-03 10:05:47.834649+00:00 [info] <0.222.0> Feature flags:   [x] implicit_default_bindings
2022-09-03 10:05:47.834675+00:00 [info] <0.222.0> Feature flags:   [x] maintenance_mode_status
2022-09-03 10:05:47.834758+00:00 [info] <0.222.0> Feature flags:   [~] quorum_queue
2022-09-03 10:05:47.834845+00:00 [info] <0.222.0> Feature flags:   [ ] stream_queue
2022-09-03 10:05:47.834883+00:00 [info] <0.222.0> Feature flags:   [ ] user_limits
2022-09-03 10:05:47.834942+00:00 [info] <0.222.0> Feature flags:   [ ] virtual_host_metadata
2022-09-03 10:05:47.835078+00:00 [info] <0.222.0> Feature flags: feature flag states written to disk: yes
2022-09-03 10:05:47.851166+00:00 [info] <0.222.0> Waiting for Mnesia tables for 30000 ms, 9 retries left
2022-09-03 10:05:47.851679+00:00 [info] <0.222.0> Successfully synced tables from a peer
2022-09-03 10:05:47.851747+00:00 [info] <0.222.0> Feature flag `quorum_queue`:   migrating Mnesia table rabbit_queue...
2022-09-03 10:05:48.056380+00:00 [info] <0.222.0> Feature flag `quorum_queue`:   migrating Mnesia table rabbit_durable_queue...
2022-09-03 10:05:48.270991+00:00 [info] <0.222.0> Feature flag `quorum_queue`:   Mnesia tables migration done
2022-09-03 10:05:48.271120+00:00 [info] <0.222.0> Feature flag `quorum_queue`: mark as enabled=true
2022-09-03 10:05:48.288351+00:00 [info] <0.222.0> Feature flags: list of feature flags found:
2022-09-03 10:05:48.288491+00:00 [info] <0.222.0> Feature flags:   [x] classic_mirrored_queue_version
2022-09-03 10:05:48.288607+00:00 [info] <0.222.0> Feature flags:   [x] drop_unroutable_metric
2022-09-03 10:05:48.288671+00:00 [info] <0.222.0> Feature flags:   [x] empty_basic_get_metric
2022-09-03 10:05:48.288862+00:00 [info] <0.222.0> Feature flags:   [x] implicit_default_bindings
2022-09-03 10:05:48.288909+00:00 [info] <0.222.0> Feature flags:   [x] maintenance_mode_status
2022-09-03 10:05:48.289000+00:00 [info] <0.222.0> Feature flags:   [x] quorum_queue
2022-09-03 10:05:48.289124+00:00 [info] <0.222.0> Feature flags:   [ ] stream_queue
2022-09-03 10:05:48.289373+00:00 [info] <0.222.0> Feature flags:   [ ] user_limits
2022-09-03 10:05:48.289437+00:00 [info] <0.222.0> Feature flags:   [ ] virtual_host_metadata
2022-09-03 10:05:48.289483+00:00 [info] <0.222.0> Feature flags: feature flag states written to disk: yes
2022-09-03 10:05:48.313983+00:00 [info] <0.222.0> Feature flag `stream_queue`: supported, attempt to enable...
2022-09-03 10:05:48.314239+00:00 [info] <0.222.0> Feature flag `stream_queue`: mark as enabled=state_changing
2022-09-03 10:05:48.316572+00:00 [info] <0.222.0> Feature flags: list of feature flags found:
2022-09-03 10:05:48.316747+00:00 [info] <0.222.0> Feature flags:   [x] classic_mirrored_queue_version
2022-09-03 10:05:48.316866+00:00 [info] <0.222.0> Feature flags:   [x] drop_unroutable_metric
2022-09-03 10:05:48.317144+00:00 [info] <0.222.0> Feature flags:   [x] empty_basic_get_metric
2022-09-03 10:05:48.317257+00:00 [info] <0.222.0> Feature flags:   [x] implicit_default_bindings
2022-09-03 10:05:48.317308+00:00 [info] <0.222.0> Feature flags:   [x] maintenance_mode_status
2022-09-03 10:05:48.317399+00:00 [info] <0.222.0> Feature flags:   [x] quorum_queue
2022-09-03 10:05:48.317531+00:00 [info] <0.222.0> Feature flags:   [~] stream_queue
2022-09-03 10:05:48.317673+00:00 [info] <0.222.0> Feature flags:   [ ] user_limits
2022-09-03 10:05:48.317751+00:00 [info] <0.222.0> Feature flags:   [ ] virtual_host_metadata
2022-09-03 10:05:48.317810+00:00 [info] <0.222.0> Feature flags: feature flag states written to disk: yes
2022-09-03 10:05:48.346402+00:00 [info] <0.222.0> Feature flag `stream_queue`: mark as enabled=true
2022-09-03 10:05:48.360871+00:00 [info] <0.222.0> Feature flags: list of feature flags found:
2022-09-03 10:05:48.361054+00:00 [info] <0.222.0> Feature flags:   [x] classic_mirrored_queue_version
2022-09-03 10:05:48.361144+00:00 [info] <0.222.0> Feature flags:   [x] drop_unroutable_metric
2022-09-03 10:05:48.361188+00:00 [info] <0.222.0> Feature flags:   [x] empty_basic_get_metric
2022-09-03 10:05:48.361232+00:00 [info] <0.222.0> Feature flags:   [x] implicit_default_bindings
2022-09-03 10:05:48.361272+00:00 [info] <0.222.0> Feature flags:   [x] maintenance_mode_status
2022-09-03 10:05:48.361310+00:00 [info] <0.222.0> Feature flags:   [x] quorum_queue
2022-09-03 10:05:48.361351+00:00 [info] <0.222.0> Feature flags:   [x] stream_queue
2022-09-03 10:05:48.361436+00:00 [info] <0.222.0> Feature flags:   [ ] user_limits
2022-09-03 10:05:48.361584+00:00 [info] <0.222.0> Feature flags:   [ ] virtual_host_metadata
2022-09-03 10:05:48.361672+00:00 [info] <0.222.0> Feature flags: feature flag states written to disk: yes
2022-09-03 10:05:48.380758+00:00 [info] <0.222.0> Feature flag `user_limits`: supported, attempt to enable...
2022-09-03 10:05:48.380984+00:00 [info] <0.222.0> Feature flag `user_limits`: mark as enabled=state_changing
2022-09-03 10:05:48.382928+00:00 [info] <0.222.0> Feature flags: list of feature flags found:
2022-09-03 10:05:48.383047+00:00 [info] <0.222.0> Feature flags:   [x] classic_mirrored_queue_version
2022-09-03 10:05:48.383136+00:00 [info] <0.222.0> Feature flags:   [x] drop_unroutable_metric
2022-09-03 10:05:48.383323+00:00 [info] <0.222.0> Feature flags:   [x] empty_basic_get_metric
2022-09-03 10:05:48.383415+00:00 [info] <0.222.0> Feature flags:   [x] implicit_default_bindings
2022-09-03 10:05:48.383506+00:00 [info] <0.222.0> Feature flags:   [x] maintenance_mode_status
2022-09-03 10:05:48.383650+00:00 [info] <0.222.0> Feature flags:   [x] quorum_queue
2022-09-03 10:05:48.383687+00:00 [info] <0.222.0> Feature flags:   [x] stream_queue
2022-09-03 10:05:48.383710+00:00 [info] <0.222.0> Feature flags:   [~] user_limits
2022-09-03 10:05:48.383739+00:00 [info] <0.222.0> Feature flags:   [ ] virtual_host_metadata
2022-09-03 10:05:48.383780+00:00 [info] <0.222.0> Feature flags: feature flag states written to disk: yes
2022-09-03 10:05:48.411541+00:00 [info] <0.222.0> Waiting for Mnesia tables for 30000 ms, 9 retries left
2022-09-03 10:05:48.411813+00:00 [info] <0.222.0> Successfully synced tables from a peer
2022-09-03 10:05:48.551651+00:00 [info] <0.222.0> Feature flag `user_limits`: mark as enabled=true
2022-09-03 10:05:48.565550+00:00 [info] <0.222.0> Feature flags: list of feature flags found:
2022-09-03 10:05:48.565695+00:00 [info] <0.222.0> Feature flags:   [x] classic_mirrored_queue_version
2022-09-03 10:05:48.565795+00:00 [info] <0.222.0> Feature flags:   [x] drop_unroutable_metric
2022-09-03 10:05:48.565933+00:00 [info] <0.222.0> Feature flags:   [x] empty_basic_get_metric
2022-09-03 10:05:48.566041+00:00 [info] <0.222.0> Feature flags:   [x] implicit_default_bindings
2022-09-03 10:05:48.566119+00:00 [info] <0.222.0> Feature flags:   [x] maintenance_mode_status
2022-09-03 10:05:48.566196+00:00 [info] <0.222.0> Feature flags:   [x] quorum_queue
2022-09-03 10:05:48.566281+00:00 [info] <0.222.0> Feature flags:   [x] stream_queue
2022-09-03 10:05:48.566316+00:00 [info] <0.222.0> Feature flags:   [x] user_limits
2022-09-03 10:05:48.566439+00:00 [info] <0.222.0> Feature flags:   [ ] virtual_host_metadata
2022-09-03 10:05:48.566506+00:00 [info] <0.222.0> Feature flags: feature flag states written to disk: yes
2022-09-03 10:05:48.588441+00:00 [info] <0.222.0> Feature flag `virtual_host_metadata`: supported, attempt to enable...
2022-09-03 10:05:48.588715+00:00 [info] <0.222.0> Feature flag `virtual_host_metadata`: mark as enabled=state_changing
2022-09-03 10:05:48.591220+00:00 [info] <0.222.0> Feature flags: list of feature flags found:
2022-09-03 10:05:48.591338+00:00 [info] <0.222.0> Feature flags:   [x] classic_mirrored_queue_version
2022-09-03 10:05:48.591478+00:00 [info] <0.222.0> Feature flags:   [x] drop_unroutable_metric
2022-09-03 10:05:48.591600+00:00 [info] <0.222.0> Feature flags:   [x] empty_basic_get_metric
2022-09-03 10:05:48.591660+00:00 [info] <0.222.0> Feature flags:   [x] implicit_default_bindings
2022-09-03 10:05:48.591782+00:00 [info] <0.222.0> Feature flags:   [x] maintenance_mode_status
2022-09-03 10:05:48.591852+00:00 [info] <0.222.0> Feature flags:   [x] quorum_queue
2022-09-03 10:05:48.591957+00:00 [info] <0.222.0> Feature flags:   [x] stream_queue
2022-09-03 10:05:48.592073+00:00 [info] <0.222.0> Feature flags:   [x] user_limits
2022-09-03 10:05:48.592246+00:00 [info] <0.222.0> Feature flags:   [~] virtual_host_metadata
2022-09-03 10:05:48.592331+00:00 [info] <0.222.0> Feature flags: feature flag states written to disk: yes
2022-09-03 10:05:48.617559+00:00 [info] <0.222.0> Waiting for Mnesia tables for 30000 ms, 9 retries left
2022-09-03 10:05:48.617837+00:00 [info] <0.222.0> Successfully synced tables from a peer
2022-09-03 10:05:48.794277+00:00 [info] <0.222.0> Feature flag `virtual_host_metadata`: mark as enabled=true
2022-09-03 10:05:48.822559+00:00 [info] <0.222.0> Feature flags: list of feature flags found:
2022-09-03 10:05:48.822705+00:00 [info] <0.222.0> Feature flags:   [x] classic_mirrored_queue_version
2022-09-03 10:05:48.822771+00:00 [info] <0.222.0> Feature flags:   [x] drop_unroutable_metric
2022-09-03 10:05:48.822814+00:00 [info] <0.222.0> Feature flags:   [x] empty_basic_get_metric
2022-09-03 10:05:48.823041+00:00 [info] <0.222.0> Feature flags:   [x] implicit_default_bindings
2022-09-03 10:05:48.823106+00:00 [info] <0.222.0> Feature flags:   [x] maintenance_mode_status
2022-09-03 10:05:48.823206+00:00 [info] <0.222.0> Feature flags:   [x] quorum_queue
2022-09-03 10:05:48.823299+00:00 [info] <0.222.0> Feature flags:   [x] stream_queue
2022-09-03 10:05:48.823534+00:00 [info] <0.222.0> Feature flags:   [x] user_limits
2022-09-03 10:05:48.823594+00:00 [info] <0.222.0> Feature flags:   [x] virtual_host_metadata
2022-09-03 10:05:48.823674+00:00 [info] <0.222.0> Feature flags: feature flag states written to disk: yes
2022-09-03 10:05:48.861034+00:00 [info] <0.222.0> Waiting for Mnesia tables for 30000 ms, 9 retries left
2022-09-03 10:05:48.861628+00:00 [info] <0.222.0> Successfully synced tables from a peer
2022-09-03 10:05:48.946117+00:00 [info] <0.222.0> Waiting for Mnesia tables for 30000 ms, 9 retries left
2022-09-03 10:05:48.946464+00:00 [info] <0.222.0> Successfully synced tables from a peer
2022-09-03 10:05:48.946621+00:00 [info] <0.222.0> Peer discovery backend rabbit_peer_discovery_classic_config does not support registration, skipping registration.
2022-09-03 10:05:48.946727+00:00 [info] <0.222.0> Will try to unlock with peer discovery backend rabbit_peer_discovery_classic_config
2022-09-03 10:05:48.947045+00:00 [info] <0.222.0> Running boot step database_sync defined by app rabbit
2022-09-03 10:05:48.947311+00:00 [info] <0.222.0> Running boot step feature_flags defined by app rabbit
2022-09-03 10:05:48.952435+00:00 [info] <0.222.0> Running boot step codec_correctness_check defined by app rabbit
2022-09-03 10:05:48.952640+00:00 [info] <0.222.0> Running boot step external_infrastructure defined by app rabbit
2022-09-03 10:05:48.952709+00:00 [info] <0.222.0> Running boot step rabbit_event defined by app rabbit
2022-09-03 10:05:48.954095+00:00 [info] <0.222.0> Running boot step rabbit_registry defined by app rabbit
2022-09-03 10:05:48.954625+00:00 [info] <0.222.0> Running boot step rabbit_auth_mechanism_amqplain defined by app rabbit
2022-09-03 10:05:48.956076+00:00 [info] <0.222.0> Running boot step rabbit_auth_mechanism_cr_demo defined by app rabbit
2022-09-03 10:05:48.956312+00:00 [info] <0.222.0> Running boot step rabbit_auth_mechanism_plain defined by app rabbit
2022-09-03 10:05:48.956434+00:00 [info] <0.222.0> Running boot step rabbit_exchange_type_direct defined by app rabbit
2022-09-03 10:05:48.956585+00:00 [info] <0.222.0> Running boot step rabbit_exchange_type_fanout defined by app rabbit
2022-09-03 10:05:48.956747+00:00 [info] <0.222.0> Running boot step rabbit_exchange_type_headers defined by app rabbit
2022-09-03 10:05:48.956960+00:00 [info] <0.222.0> Running boot step rabbit_exchange_type_topic defined by app rabbit
2022-09-03 10:05:48.957129+00:00 [info] <0.222.0> Running boot step rabbit_mirror_queue_mode_all defined by app rabbit
2022-09-03 10:05:48.957266+00:00 [info] <0.222.0> Running boot step rabbit_mirror_queue_mode_exactly defined by app rabbit
2022-09-03 10:05:48.957391+00:00 [info] <0.222.0> Running boot step rabbit_mirror_queue_mode_nodes defined by app rabbit
2022-09-03 10:05:48.957580+00:00 [info] <0.222.0> Running boot step rabbit_priority_queue defined by app rabbit
2022-09-03 10:05:48.957714+00:00 [info] <0.222.0> Priority queues enabled, real BQ is rabbit_variable_queue
2022-09-03 10:05:48.957975+00:00 [info] <0.222.0> Running boot step rabbit_queue_location_client_local defined by app rabbit
2022-09-03 10:05:48.958166+00:00 [info] <0.222.0> Running boot step rabbit_queue_location_min_masters defined by app rabbit
2022-09-03 10:05:48.958363+00:00 [info] <0.222.0> Running boot step rabbit_queue_location_random defined by app rabbit
2022-09-03 10:05:48.958610+00:00 [info] <0.222.0> Running boot step kernel_ready defined by app rabbit
2022-09-03 10:05:48.958714+00:00 [info] <0.222.0> Running boot step rabbit_sysmon_minder defined by app rabbit
2022-09-03 10:05:48.959055+00:00 [info] <0.222.0> Running boot step rabbit_epmd_monitor defined by app rabbit
2022-09-03 10:05:48.964164+00:00 [info] <0.566.0> epmd monitor knows us, inter-node communication (distribution) port: 25672
2022-09-03 10:05:48.964507+00:00 [info] <0.222.0> Running boot step guid_generator defined by app rabbit
2022-09-03 10:05:48.981478+00:00 [info] <0.222.0> Running boot step rabbit_node_monitor defined by app rabbit
2022-09-03 10:05:48.982209+00:00 [info] <0.570.0> Starting rabbit_node_monitor
2022-09-03 10:05:48.982654+00:00 [info] <0.222.0> Running boot step delegate_sup defined by app rabbit
2022-09-03 10:05:48.983782+00:00 [info] <0.222.0> Running boot step rabbit_memory_monitor defined by app rabbit
2022-09-03 10:05:48.984386+00:00 [info] <0.222.0> Running boot step rabbit_fifo_dlx_sup defined by app rabbit
2022-09-03 10:05:48.984637+00:00 [info] <0.222.0> Running boot step core_initialized defined by app rabbit
2022-09-03 10:05:48.984742+00:00 [info] <0.222.0> Running boot step upgrade_queues defined by app rabbit
2022-09-03 10:05:49.016021+00:00 [info] <0.222.0> message_store upgrades: 1 to apply
2022-09-03 10:05:49.016290+00:00 [info] <0.222.0> message_store upgrades: Applying rabbit_variable_queue:move_messages_to_vhost_store
2022-09-03 10:05:49.016682+00:00 [info] <0.222.0> message_store upgrades: No durable queues found. Skipping message store migration
2022-09-03 10:05:49.016805+00:00 [info] <0.222.0> message_store upgrades: Removing the old message store data
2022-09-03 10:05:49.022957+00:00 [info] <0.222.0> message_store upgrades: All upgrades applied successfully
2022-09-03 10:05:49.064271+00:00 [info] <0.222.0> Running boot step channel_tracking defined by app rabbit
2022-09-03 10:05:49.086459+00:00 [info] <0.222.0> Setting up a table for channel tracking on this node: tracked_channel_on_node_rabbit@81fd952b5232
2022-09-03 10:05:49.107353+00:00 [info] <0.222.0> Setting up a table for channel tracking on this node: tracked_channel_table_per_user_on_node_rabbit@81fd952b5232
2022-09-03 10:05:49.108704+00:00 [info] <0.222.0> Running boot step rabbit_channel_tracking_handler defined by app rabbit
2022-09-03 10:05:49.109148+00:00 [info] <0.222.0> Running boot step connection_tracking defined by app rabbit
2022-09-03 10:05:49.133468+00:00 [info] <0.222.0> Setting up a table for connection tracking on this node: tracked_connection_on_node_rabbit@81fd952b5232
2022-09-03 10:05:49.155264+00:00 [info] <0.222.0> Setting up a table for per-vhost connection counting on this node: tracked_connection_per_vhost_on_node_rabbit@81fd952b5232
2022-09-03 10:05:49.185378+00:00 [info] <0.222.0> Setting up a table for per-user connection counting on this node: tracked_connection_table_per_user_on_node_rabbit@81fd952b5232
2022-09-03 10:05:49.186243+00:00 [info] <0.222.0> Running boot step rabbit_connection_tracking_handler defined by app rabbit
2022-09-03 10:05:49.186466+00:00 [info] <0.222.0> Running boot step rabbit_definitions_hashing defined by app rabbit
2022-09-03 10:05:49.186684+00:00 [info] <0.222.0> Running boot step rabbit_exchange_parameters defined by app rabbit
2022-09-03 10:05:49.186945+00:00 [info] <0.222.0> Running boot step rabbit_mirror_queue_misc defined by app rabbit
2022-09-03 10:05:49.187725+00:00 [info] <0.222.0> Running boot step rabbit_policies defined by app rabbit
2022-09-03 10:05:49.188888+00:00 [info] <0.222.0> Running boot step rabbit_policy defined by app rabbit
2022-09-03 10:05:49.189142+00:00 [info] <0.222.0> Running boot step rabbit_queue_location_validator defined by app rabbit
2022-09-03 10:05:49.189396+00:00 [info] <0.222.0> Running boot step rabbit_quorum_memory_manager defined by app rabbit
2022-09-03 10:05:49.189585+00:00 [info] <0.222.0> Running boot step rabbit_stream_coordinator defined by app rabbit
2022-09-03 10:05:49.191690+00:00 [info] <0.222.0> Running boot step rabbit_vhost_limit defined by app rabbit
2022-09-03 10:05:49.192007+00:00 [info] <0.222.0> Running boot step rabbit_mgmt_reset_handler defined by app rabbitmq_management
2022-09-03 10:05:49.192178+00:00 [info] <0.222.0> Running boot step rabbit_mgmt_db_handler defined by app rabbitmq_management_agent
2022-09-03 10:05:49.192247+00:00 [info] <0.222.0> Management plugin: using rates mode 'basic'
2022-09-03 10:05:49.193395+00:00 [info] <0.222.0> Running boot step recovery defined by app rabbit
2022-09-03 10:05:49.197816+00:00 [info] <0.222.0> Running boot step empty_db_check defined by app rabbit
2022-09-03 10:05:49.198058+00:00 [info] <0.222.0> Will seed default virtual host and user...
2022-09-03 10:05:49.198219+00:00 [info] <0.222.0> Adding vhost '/' (description: 'Default virtual host', tags: [])
2022-09-03 10:05:49.227186+00:00 [info] <0.632.0> Making sure data directory '/var/lib/rabbitmq/mnesia/rabbit@81fd952b5232/msg_stores/vhosts/628WB79CIFDYO9LJI6DKMI09L' for vhost '/' exists
2022-09-03 10:05:49.258743+00:00 [info] <0.632.0> Setting segment_entry_count for vhost '/' with 0 queues to '2048'
2022-09-03 10:05:49.288448+00:00 [info] <0.632.0> Starting message stores for vhost '/'
2022-09-03 10:05:49.289207+00:00 [info] <0.637.0> Message store "628WB79CIFDYO9LJI6DKMI09L/msg_store_transient": using rabbit_msg_store_ets_index to provide index
2022-09-03 10:05:49.352723+00:00 [info] <0.632.0> Started message store of type transient for vhost '/'
2022-09-03 10:05:49.353058+00:00 [info] <0.641.0> Message store "628WB79CIFDYO9LJI6DKMI09L/msg_store_persistent": using rabbit_msg_store_ets_index to provide index
2022-09-03 10:05:49.370268+00:00 [warning] <0.641.0> Message store "628WB79CIFDYO9LJI6DKMI09L/msg_store_persistent": rebuilding indices from scratch
2022-09-03 10:05:49.385116+00:00 [info] <0.632.0> Started message store of type persistent for vhost '/'
2022-09-03 10:05:49.385475+00:00 [info] <0.632.0> Recovering 0 queues of type rabbit_classic_queue took 117ms
2022-09-03 10:05:49.385634+00:00 [info] <0.632.0> Recovering 0 queues of type rabbit_quorum_queue took 0ms
2022-09-03 10:05:49.385744+00:00 [info] <0.632.0> Recovering 0 queues of type rabbit_stream_queue took 0ms
2022-09-03 10:05:49.394035+00:00 [info] <0.222.0> Created user 'guest'
2022-09-03 10:05:49.396763+00:00 [info] <0.222.0> Successfully set user tags for user 'guest' to [administrator]
2022-09-03 10:05:49.399889+00:00 [info] <0.222.0> Successfully set permissions for 'guest' in virtual host '/' to '.*', '.*', '.*'
2022-09-03 10:05:49.400066+00:00 [info] <0.222.0> Running boot step rabbit_looking_glass defined by app rabbit
2022-09-03 10:05:49.400125+00:00 [info] <0.222.0> Running boot step rabbit_core_metrics_gc defined by app rabbit
2022-09-03 10:05:49.400389+00:00 [info] <0.222.0> Running boot step background_gc defined by app rabbit
2022-09-03 10:05:49.400793+00:00 [info] <0.222.0> Running boot step routing_ready defined by app rabbit
2022-09-03 10:05:49.400910+00:00 [info] <0.222.0> Running boot step pre_flight defined by app rabbit
2022-09-03 10:05:49.401026+00:00 [info] <0.222.0> Running boot step notify_cluster defined by app rabbit
2022-09-03 10:05:49.401157+00:00 [info] <0.222.0> Running boot step networking defined by app rabbit
2022-09-03 10:05:49.401247+00:00 [info] <0.222.0> Running boot step definition_import_worker_pool defined by app rabbit
2022-09-03 10:05:49.401328+00:00 [info] <0.280.0> Starting worker pool 'definition_import_pool' with 8 processes in it
2022-09-03 10:05:49.402473+00:00 [info] <0.222.0> Running boot step cluster_name defined by app rabbit
2022-09-03 10:05:49.402633+00:00 [info] <0.222.0> Initialising internal cluster ID to 'rabbitmq-cluster-id-HXSrgRJVw296-5icpGRquw'
2022-09-03 10:05:49.406327+00:00 [info] <0.222.0> Running boot step direct_client defined by app rabbit
2022-09-03 10:05:49.406655+00:00 [info] <0.222.0> Running boot step rabbit_maintenance_mode_state defined by app rabbit
2022-09-03 10:05:49.406746+00:00 [info] <0.222.0> Creating table rabbit_node_maintenance_states for feature flag `maintenance_mode_status`
2022-09-03 10:05:49.407301+00:00 [info] <0.222.0> Running boot step rabbit_management_load_definitions defined by app rabbitmq_management
2022-09-03 10:05:49.407775+00:00 [info] <0.679.0> Resetting node maintenance status
2022-09-03 10:05:49.471164+00:00 [info] <0.738.0> Management plugin: HTTP (non-TLS) listener started on port 15672
2022-09-03 10:05:49.471779+00:00 [info] <0.766.0> Statistics database started.
2022-09-03 10:05:49.472067+00:00 [info] <0.765.0> Starting worker pool 'management_worker_pool' with 3 processes in it
2022-09-03 10:05:49.473548+00:00 [info] <0.679.0> Ready to start client connection listeners
2022-09-03 10:05:49.480804+00:00 [info] <0.790.0> started TCP listener on [::]:5672
2022-09-03 10:05:49.761562+00:00 [info] <0.679.0> Server startup complete; 3 plugins started.
2022-09-03 10:05:49.761562+00:00 [info] <0.679.0>  * rabbitmq_management
2022-09-03 10:05:49.761562+00:00 [info] <0.679.0>  * rabbitmq_web_dispatch
2022-09-03 10:05:49.761562+00:00 [info] <0.679.0>  * rabbitmq_management_agent
2022-09-03 10:05:53.959335+00:00 [info] <0.793.0> accepting AMQP connection <0.793.0> (172.19.0.1:55282 -> 172.19.0.3:5672)
2022-09-03 10:05:53.962784+00:00 [error] <0.793.0> closing AMQP connection <0.793.0> (172.19.0.1:55282 -> 172.19.0.3:5672):
2022-09-03 10:05:53.962784+00:00 [error] <0.793.0> {bad_header,<<"GET / HT">>}
2022-09-03 10:05:55.633274+00:00 [info] <0.796.0> accepting AMQP connection <0.796.0> (172.19.0.1:55286 -> 172.19.0.3:5672)
2022-09-03 10:05:55.634847+00:00 [error] <0.796.0> closing AMQP connection <0.796.0> (172.19.0.1:55286 -> 172.19.0.3:5672):
2022-09-03 10:05:55.634847+00:00 [error] <0.796.0> {bad_header,<<"GET / HT">>}
2022-09-03 10:05:56.400842+00:00 [info] <0.803.0> accepting AMQP connection <0.803.0> (172.19.0.1:55290 -> 172.19.0.3:5672)
2022-09-03 10:05:56.401245+00:00 [error] <0.803.0> closing AMQP connection <0.803.0> (172.19.0.1:55290 -> 172.19.0.3:5672):
2022-09-03 10:05:56.401245+00:00 [error] <0.803.0> {bad_header,<<"GET / HT">>}
2022-09-03 10:05:57.252004+00:00 [info] <0.808.0> accepting AMQP connection <0.808.0> (172.19.0.1:55294 -> 172.19.0.3:5672)
2022-09-03 10:05:57.252821+00:00 [error] <0.808.0> closing AMQP connection <0.808.0> (172.19.0.1:55294 -> 172.19.0.3:5672):
2022-09-03 10:05:57.252821+00:00 [error] <0.808.0> {bad_header,<<"GET / HT">>}
2022-09-03 10:06:02.304837+00:00 [info] <0.819.0> accepting AMQP connection <0.819.0> (172.19.0.1:55302 -> 172.19.0.3:5672)
2022-09-03 10:06:02.305152+00:00 [error] <0.819.0> closing AMQP connection <0.819.0> (172.19.0.1:55302 -> 172.19.0.3:5672):
2022-09-03 10:06:02.305152+00:00 [error] <0.819.0> {bad_header,<<"GET / HT">>}
2022-09-03 10:06:32.342496+00:00 [info] <0.832.0> accepting AMQP connection <0.832.0> (172.19.0.1:55314 -> 172.19.0.3:5672)
2022-09-03 10:06:32.342902+00:00 [error] <0.832.0> closing AMQP connection <0.832.0> (172.19.0.1:55314 -> 172.19.0.3:5672):
2022-09-03 10:06:32.342902+00:00 [error] <0.832.0> {bad_header,<<"GET / HT">>}
2022-09-03 10:06:55.440660+00:00 [info] <0.928.0> accepting AMQP connection <0.928.0> (172.19.0.1:55350 -> 172.19.0.3:5672)
2022-09-03 10:06:55.441012+00:00 [error] <0.928.0> closing AMQP connection <0.928.0> (172.19.0.1:55350 -> 172.19.0.3:5672):
2022-09-03 10:06:55.441012+00:00 [error] <0.928.0> {bad_header,<<"GET / HT">>}
2022-09-03 10:06:56.052544+00:00 [info] <0.931.0> accepting AMQP connection <0.931.0> (172.19.0.1:55352 -> 172.19.0.3:5672)
2022-09-03 10:06:56.052948+00:00 [error] <0.931.0> closing AMQP connection <0.931.0> (172.19.0.1:55352 -> 172.19.0.3:5672):
2022-09-03 10:06:56.052948+00:00 [error] <0.931.0> {bad_header,<<"GET / HT">>}
2022-09-03 10:07:08.611062+00:00 [warning] <0.948.0> HTTP access denied: user 'guest' - User can only log in via localhost
2022-09-03 10:07:12.429284+00:00 [warning] <0.950.0> HTTP access denied: user 'guest' - User can only log in via localhost
2022-09-03 10:07:13.948465+00:00 [warning] <0.952.0> HTTP access denied: user 'guest' - User can only log in via localhost
2022-09-03 10:07:17.880077+00:00 [warning] <0.955.0> HTTP access denied: user 'guest' - User can only log in via localhost
2022-09-03 10:08:04.498193+00:00 [warning] <0.962.0> HTTP access denied: user 'guest' - User can only log in via localhost
2022-09-03 10:08:10.750729+00:00 [warning] <0.964.0> HTTP access denied: user 'guest' - User can only log in via localhost
2022-09-03 10:08:11.657541+00:00 [warning] <0.965.0> HTTP access denied: user 'guest' - User can only log in via localhost
2022-09-03 10:11:55.833500+00:00 [warning] <0.1015.0> HTTP access denied: user 'guest' - User can only log in via localhost
2022-09-03 10:12:02.594654+00:00 [warning] <0.1018.0> HTTP access denied: user 'admin' - invalid credentials
2022-09-03 10:12:05.858278+00:00 [warning] <0.1019.0> HTTP access denied: user 'admin' - invalid credentials
2022-09-03 10:12:23.711350+00:00 [warning] <0.1030.0> HTTP access denied: user 'guest' - User can only log in via localhost
2022-09-03 10:12:28.328940+00:00 [warning] <0.1033.0> HTTP access denied: user 'guest' - User can only log in via localhost
2022-09-03 10:12:29.117356+00:00 [warning] <0.1034.0> HTTP access denied: user 'guest' - User can only log in via localhost
2022-09-03 10:12:29.281905+00:00 [warning] <0.1035.0> HTTP access denied: user 'guest' - User can only log in via localhost
2022-09-03 10:12:29.484936+00:00 [warning] <0.1036.0> HTTP access denied: user 'guest' - User can only log in via localhost
2022-09-03 10:12:29.667330+00:00 [warning] <0.1037.0> HTTP access denied: user 'guest' - User can only log in via localhost
2022-09-03 10:12:44.969662+00:00 [warning] <0.1040.0> HTTP access denied: user 'guest' - User can only log in via localhost
2022-09-03 10:14:12.197240+00:00 [info] <0.1058.0> accepting AMQP connection <0.1058.0> (172.19.0.1:55442 -> 172.19.0.3:5672)
2022-09-03 10:14:12.216657+00:00 [error] <0.1058.0> Error on AMQP connection <0.1058.0> (172.19.0.1:55442 -> 172.19.0.3:5672, state: starting):
2022-09-03 10:14:12.216657+00:00 [error] <0.1058.0> PLAIN login refused: user 'guest' can only connect via localhost
2022-09-03 10:14:12.225177+00:00 [info] <0.1058.0> closing AMQP connection <0.1058.0> (172.19.0.1:55442 -> 172.19.0.3:5672)
2022-09-03 10:14:12.231915+00:00 [info] <0.1063.0> accepting AMQP connection <0.1063.0> (172.19.0.1:55446 -> 172.19.0.3:5672)
2022-09-03 10:14:12.237610+00:00 [error] <0.1063.0> Error on AMQP connection <0.1063.0> (172.19.0.1:55446 -> 172.19.0.3:5672, state: starting):
2022-09-03 10:14:12.237610+00:00 [error] <0.1063.0> PLAIN login refused: user 'guest' can only connect via localhost
2022-09-03 10:14:12.241045+00:00 [info] <0.1063.0> closing AMQP connection <0.1063.0> (172.19.0.1:55446 -> 172.19.0.3:5672)
2022-09-03 10:19:17.713641+00:00 [warning] <0.1101.0> HTTP access denied: user 'guest' - User can only log in via localhost
2022-09-03 10:19:27.894348+00:00 [info] <0.1108.0> accepting AMQP connection <0.1108.0> (172.19.0.1:55478 -> 172.19.0.3:5672)
2022-09-03 10:19:27.910877+00:00 [error] <0.1108.0> Error on AMQP connection <0.1108.0> (172.19.0.1:55478 -> 172.19.0.3:5672, state: starting):
2022-09-03 10:19:27.910877+00:00 [error] <0.1108.0> PLAIN login refused: user 'guest' can only connect via localhost
2022-09-03 10:19:27.916009+00:00 [info] <0.1108.0> closing AMQP connection <0.1108.0> (172.19.0.1:55478 -> 172.19.0.3:5672)
2022-09-03 10:19:27.926706+00:00 [info] <0.1113.0> accepting AMQP connection <0.1113.0> (172.19.0.1:55482 -> 172.19.0.3:5672)
2022-09-03 10:19:27.932198+00:00 [error] <0.1113.0> Error on AMQP connection <0.1113.0> (172.19.0.1:55482 -> 172.19.0.3:5672, state: starting):
2022-09-03 10:19:27.932198+00:00 [error] <0.1113.0> PLAIN login refused: user 'guest' can only connect via localhost
2022-09-03 10:19:27.935501+00:00 [info] <0.1113.0> closing AMQP connection <0.1113.0> (172.19.0.1:55482 -> 172.19.0.3:5672)
2022-09-03 10:59:14.628958+00:00 [info] <0.1388.0> accepting AMQP connection <0.1388.0> (172.19.0.1:55652 -> 172.19.0.3:5672)
2022-09-03 10:59:14.678974+00:00 [info] <0.1388.0> connection <0.1388.0> (172.19.0.1:55652 -> 172.19.0.3:5672) has a client-provided name: reactor-rabbit
2022-09-03 10:59:14.699018+00:00 [error] <0.1388.0> Error on AMQP connection <0.1388.0> (172.19.0.1:55652 -> 172.19.0.3:5672, state: starting):
2022-09-03 10:59:14.699018+00:00 [error] <0.1388.0> PLAIN login refused: user 'guest' can only connect via localhost
2022-09-03 10:59:14.738169+00:00 [info] <0.1388.0> closing AMQP connection <0.1388.0> (172.19.0.1:55652 -> 172.19.0.3:5672 - reactor-rabbit)
2022-09-03 10:59:14.808256+00:00 [info] <0.1393.0> accepting AMQP connection <0.1393.0> (172.19.0.1:55654 -> 172.19.0.3:5672)
2022-09-03 10:59:14.814999+00:00 [info] <0.1393.0> connection <0.1393.0> (172.19.0.1:55654 -> 172.19.0.3:5672) has a client-provided name: reactor-rabbit
2022-09-03 10:59:14.815733+00:00 [error] <0.1393.0> Error on AMQP connection <0.1393.0> (172.19.0.1:55654 -> 172.19.0.3:5672, state: starting):
2022-09-03 10:59:14.815733+00:00 [error] <0.1393.0> PLAIN login refused: user 'guest' can only connect via localhost
2022-09-03 10:59:14.819193+00:00 [info] <0.1393.0> closing AMQP connection <0.1393.0> (172.19.0.1:55654 -> 172.19.0.3:5672 - reactor-rabbit)
2022-09-03 11:00:53.948248+00:00 [warning] <0.1409.0> HTTP access denied: user 'guest' - User can only log in via localhost
2022-09-03 11:01:03.982856+00:00 [warning] <0.1412.0> HTTP access denied: user 'guest' - User can only log in via localhost
2022-09-03 11:01:20.558239+00:00 [warning] <0.1420.0> HTTP access denied: user 'guest' - User can only log in via localhost
2022-09-03 11:07:07.496713+00:00 [notice] <0.60.0> SIGTERM received - shutting down
2022-09-03 11:07:07.496713+00:00 [notice] <0.60.0> 
2022-09-03 11:07:07.557186+00:00 [warning] <0.730.0> HTTP listener registry could not find context rabbitmq_management_tls
2022-09-03 11:07:07.669529+00:00 [info] <0.222.0> Peer discovery backend rabbit_peer_discovery_classic_config does not support registration, skipping unregistration.
2022-09-03 11:07:07.675928+00:00 [info] <0.790.0> stopped TCP listener on [::]:5672
2022-09-03 11:07:07.686409+00:00 [info] <0.1462.0> Closing all connections in vhost '/' on node 'rabbit@81fd952b5232' because the vhost is stopping
2022-09-03 11:07:07.688259+00:00 [info] <0.641.0> Stopping message store for directory '/var/lib/rabbitmq/mnesia/rabbit@81fd952b5232/msg_stores/vhosts/628WB79CIFDYO9LJI6DKMI09L/msg_store_persistent'
2022-09-03 11:07:07.751352+00:00 [info] <0.641.0> Message store for directory '/var/lib/rabbitmq/mnesia/rabbit@81fd952b5232/msg_stores/vhosts/628WB79CIFDYO9LJI6DKMI09L/msg_store_persistent' is stopped
2022-09-03 11:07:07.752101+00:00 [info] <0.637.0> Stopping message store for directory '/var/lib/rabbitmq/mnesia/rabbit@81fd952b5232/msg_stores/vhosts/628WB79CIFDYO9LJI6DKMI09L/msg_store_transient'
2022-09-03 11:07:07.823334+00:00 [info] <0.637.0> Message store for directory '/var/lib/rabbitmq/mnesia/rabbit@81fd952b5232/msg_stores/vhosts/628WB79CIFDYO9LJI6DKMI09L/msg_store_transient' is stopped
2022-09-03 11:07:07.836310+00:00 [info] <0.561.0> Management plugin: to stop collect_statistics.
